ARM GAS  C:\Users\zhangjd\AppData\Local\Temp\ccZMucUy.s 			page 1


   1              		.cpu cortex-m3
   2              		.eabi_attribute 20, 1
   3              		.eabi_attribute 21, 1
   4              		.eabi_attribute 23, 3
   5              		.eabi_attribute 24, 1
   6              		.eabi_attribute 25, 1
   7              		.eabi_attribute 26, 1
   8              		.eabi_attribute 30, 1
   9              		.eabi_attribute 34, 1
  10              		.eabi_attribute 18, 4
  11              		.file	"zigbee.c"
  12              		.text
  13              	.Ltext0:
  14              		.cfi_sections	.debug_frame
  15              		.section	.text.zigbee_Init,"ax",%progbits
  16              		.align	1
  17              		.global	zigbee_Init
  18              		.arch armv7-m
  19              		.syntax unified
  20              		.thumb
  21              		.thumb_func
  22              		.fpu softvfp
  24              	zigbee_Init:
  25              	.LVL0:
  26              	.LFB65:
  27              		.file 1 "Core/Src/zigbee.c"
   1:Core/Src/zigbee.c **** #include "zigbee.h"
   2:Core/Src/zigbee.c **** #include "string.h"
   3:Core/Src/zigbee.c **** 
   4:Core/Src/zigbee.c **** uint8_t zigbeeMessage[ZIGBEE_MESSAGE_LENTH];             //经过校验后确认无误的信息
   5:Core/Src/zigbee.c **** uint8_t zigbeeReceive[zigbeeReceiveLength];              //实时记录收到的信息
   6:Core/Src/zigbee.c **** uint8_t zigbeeMessageSend[4] = {0x01, 0x02, 0x03, 0x04}; //小车给上位机发送的信息
   7:Core/Src/zigbee.c **** uint8_t zigbee_halfrecv_buff[ZIGBEE_MESSAGE_LENTH];      //储存未全部被接收的消息
   8:Core/Src/zigbee.c **** UART_HandleTypeDef *zigbee_huart;
   9:Core/Src/zigbee.c **** uint8_t zigbee_halfrecv_len = 0; //储存未完全接收消息的长度
  10:Core/Src/zigbee.c **** 
  11:Core/Src/zigbee.c **** /***********************接口****************************/
  12:Core/Src/zigbee.c **** 
  13:Core/Src/zigbee.c **** void zigbee_Init(UART_HandleTypeDef *huart)
  14:Core/Src/zigbee.c **** {
  28              		.loc 1 14 1 view -0
  29              		.cfi_startproc
  30              		@ args = 0, pretend = 0, frame = 0
  31              		@ frame_needed = 0, uses_anonymous_args = 0
  32              		.loc 1 14 1 is_stmt 0 view .LVU1
  33 0000 08B5     		push	{r3, lr}
  34              	.LCFI0:
  35              		.cfi_def_cfa_offset 8
  36              		.cfi_offset 3, -8
  37              		.cfi_offset 14, -4
  15:Core/Src/zigbee.c ****     zigbee_huart = huart;
  38              		.loc 1 15 5 is_stmt 1 view .LVU2
  39              		.loc 1 15 18 is_stmt 0 view .LVU3
  40 0002 064A     		ldr	r2, .L3
  41 0004 1060     		str	r0, [r2]
  16:Core/Src/zigbee.c ****     __HAL_UART_ENABLE_IT(zigbee_huart, UART_IT_IDLE);                       //开启空闲中断
  42              		.loc 1 16 5 is_stmt 1 view .LVU4
ARM GAS  C:\Users\zhangjd\AppData\Local\Temp\ccZMucUy.s 			page 2


  43 0006 0268     		ldr	r2, [r0]
  44 0008 D368     		ldr	r3, [r2, #12]
  45 000a 43F01003 		orr	r3, r3, #16
  46 000e D360     		str	r3, [r2, #12]
  17:Core/Src/zigbee.c ****     HAL_UART_Receive_DMA(zigbee_huart, zigbeeReceive, zigbeeReceiveLength); //开启DMA中断接收
  47              		.loc 1 17 5 view .LVU5
  48 0010 FF22     		movs	r2, #255
  49 0012 0349     		ldr	r1, .L3+4
  50 0014 FFF7FEFF 		bl	HAL_UART_Receive_DMA
  51              	.LVL1:
  18:Core/Src/zigbee.c **** }
  52              		.loc 1 18 1 is_stmt 0 view .LVU6
  53 0018 08BD     		pop	{r3, pc}
  54              	.L4:
  55 001a 00BF     		.align	2
  56              	.L3:
  57 001c 00000000 		.word	.LANCHOR0
  58 0020 00000000 		.word	.LANCHOR1
  59              		.cfi_endproc
  60              	.LFE65:
  62              		.section	.text.zigbeeMessageRecord,"ax",%progbits
  63              		.align	1
  64              		.global	zigbeeMessageRecord
  65              		.syntax unified
  66              		.thumb
  67              		.thumb_func
  68              		.fpu softvfp
  70              	zigbeeMessageRecord:
  71              	.LVL2:
  72              	.LFB66:
  19:Core/Src/zigbee.c **** 
  20:Core/Src/zigbee.c **** void zigbeeMessageRecord(uint8_t rx_length)
  21:Core/Src/zigbee.c **** {
  73              		.loc 1 21 1 is_stmt 1 view -0
  74              		.cfi_startproc
  75              		@ args = 0, pretend = 0, frame = 0
  76              		@ frame_needed = 0, uses_anonymous_args = 0
  77              		.loc 1 21 1 is_stmt 0 view .LVU8
  78 0000 70B5     		push	{r4, r5, r6, lr}
  79              	.LCFI1:
  80              		.cfi_def_cfa_offset 16
  81              		.cfi_offset 4, -16
  82              		.cfi_offset 5, -12
  83              		.cfi_offset 6, -8
  84              		.cfi_offset 14, -4
  85 0002 0446     		mov	r4, r0
  22:Core/Src/zigbee.c ****     if (rx_length == ZIGBEE_MESSAGE_LENTH && zigbeeReceive[ZIGBEE_MESSAGE_LENTH - 2] == 0x0D && zig
  86              		.loc 1 22 5 is_stmt 1 view .LVU9
  87              		.loc 1 22 8 is_stmt 0 view .LVU10
  88 0004 3028     		cmp	r0, #48
  89 0006 0BD0     		beq	.L14
  90              	.L6:
  23:Core/Src/zigbee.c ****     {
  24:Core/Src/zigbee.c ****         memcpy(zigbeeMessage, zigbeeReceive, ZIGBEE_MESSAGE_LENTH);
  25:Core/Src/zigbee.c ****     }
  26:Core/Src/zigbee.c ****     else if (rx_length < ZIGBEE_MESSAGE_LENTH) //用于处理单条消息分两次发送的情况
  91              		.loc 1 26 10 is_stmt 1 view .LVU11
ARM GAS  C:\Users\zhangjd\AppData\Local\Temp\ccZMucUy.s 			page 3


  92              		.loc 1 26 13 is_stmt 0 view .LVU12
  93 0008 2F2C     		cmp	r4, #47
  94 000a 08D8     		bhi	.L5
  27:Core/Src/zigbee.c ****     {
  28:Core/Src/zigbee.c ****         if (!zigbee_halfrecv_len)
  95              		.loc 1 28 9 is_stmt 1 view .LVU13
  96              		.loc 1 28 13 is_stmt 0 view .LVU14
  97 000c 254B     		ldr	r3, .L19
  98 000e 1D78     		ldrb	r5, [r3]	@ zero_extendqisi2
  99              		.loc 1 28 12 view .LVU15
 100 0010 DDB1     		cbz	r5, .L15
  29:Core/Src/zigbee.c ****         {
  30:Core/Src/zigbee.c ****             zigbee_halfrecv_len = rx_length;
  31:Core/Src/zigbee.c ****             memcpy(zigbee_halfrecv_buff, zigbeeReceive, rx_length);
  32:Core/Src/zigbee.c ****         }
  33:Core/Src/zigbee.c ****         else if (zigbee_halfrecv_len && rx_length + zigbee_halfrecv_len == ZIGBEE_MESSAGE_LENTH)
 101              		.loc 1 33 14 is_stmt 1 discriminator 1 view .LVU16
 102              		.loc 1 33 51 is_stmt 0 discriminator 1 view .LVU17
 103 0012 2B19     		adds	r3, r5, r4
 104              		.loc 1 33 38 discriminator 1 view .LVU18
 105 0014 302B     		cmp	r3, #48
 106 0016 1FD0     		beq	.L16
  34:Core/Src/zigbee.c ****         {
  35:Core/Src/zigbee.c ****             if ((zigbeeReceive[rx_length - 2] == 0x0D && zigbeeReceive[rx_length - 1] == 0x0A) || (
  36:Core/Src/zigbee.c ****             {
  37:Core/Src/zigbee.c ****                 memcpy(zigbeeMessage, zigbee_halfrecv_buff, zigbee_halfrecv_len);
  38:Core/Src/zigbee.c ****                 memcpy(zigbeeMessage + zigbee_halfrecv_len, zigbeeReceive, rx_length);
  39:Core/Src/zigbee.c ****             }
  40:Core/Src/zigbee.c ****             zigbee_halfrecv_len = 0;
  41:Core/Src/zigbee.c ****         }
  42:Core/Src/zigbee.c ****         else
  43:Core/Src/zigbee.c ****         {
  44:Core/Src/zigbee.c ****             zigbee_halfrecv_len = 0;
 107              		.loc 1 44 13 is_stmt 1 view .LVU19
 108              		.loc 1 44 33 is_stmt 0 view .LVU20
 109 0018 224B     		ldr	r3, .L19
 110 001a 0022     		movs	r2, #0
 111 001c 1A70     		strb	r2, [r3]
  45:Core/Src/zigbee.c ****         }
  46:Core/Src/zigbee.c ****     }
  47:Core/Src/zigbee.c ****     return;
 112              		.loc 1 47 5 is_stmt 1 view .LVU21
 113              	.LVL3:
 114              	.L5:
  48:Core/Src/zigbee.c **** }
 115              		.loc 1 48 1 is_stmt 0 view .LVU22
 116 001e 70BD     		pop	{r4, r5, r6, pc}
 117              	.LVL4:
 118              	.L14:
  22:Core/Src/zigbee.c ****     {
 119              		.loc 1 22 59 discriminator 1 view .LVU23
 120 0020 214B     		ldr	r3, .L19+4
 121 0022 93F82E30 		ldrb	r3, [r3, #46]	@ zero_extendqisi2
  22:Core/Src/zigbee.c ****     {
 122              		.loc 1 22 43 discriminator 1 view .LVU24
 123 0026 0D2B     		cmp	r3, #13
 124 0028 EED1     		bne	.L6
ARM GAS  C:\Users\zhangjd\AppData\Local\Temp\ccZMucUy.s 			page 4


  22:Core/Src/zigbee.c ****     {
 125              		.loc 1 22 110 discriminator 2 view .LVU25
 126 002a 1F4B     		ldr	r3, .L19+4
 127 002c 93F82F30 		ldrb	r3, [r3, #47]	@ zero_extendqisi2
  22:Core/Src/zigbee.c ****     {
 128              		.loc 1 22 94 discriminator 2 view .LVU26
 129 0030 0A2B     		cmp	r3, #10
 130 0032 E9D1     		bne	.L6
  24:Core/Src/zigbee.c ****     }
 131              		.loc 1 24 9 is_stmt 1 view .LVU27
 132 0034 1D4C     		ldr	r4, .L19+8
 133 0036 1C4D     		ldr	r5, .L19+4
 134 0038 0FCD     		ldmia	r5!, {r0, r1, r2, r3}
 135              	.LVL5:
  24:Core/Src/zigbee.c ****     }
 136              		.loc 1 24 9 is_stmt 0 view .LVU28
 137 003a 0FC4     		stmia	r4!, {r0, r1, r2, r3}
 138 003c 0FCD     		ldmia	r5!, {r0, r1, r2, r3}
 139 003e 0FC4     		stmia	r4!, {r0, r1, r2, r3}
 140 0040 95E80F00 		ldm	r5, {r0, r1, r2, r3}
 141 0044 84E80F00 		stm	r4, {r0, r1, r2, r3}
 142 0048 E9E7     		b	.L5
 143              	.LVL6:
 144              	.L15:
  30:Core/Src/zigbee.c ****             memcpy(zigbee_halfrecv_buff, zigbeeReceive, rx_length);
 145              		.loc 1 30 13 is_stmt 1 view .LVU29
  30:Core/Src/zigbee.c ****             memcpy(zigbee_halfrecv_buff, zigbeeReceive, rx_length);
 146              		.loc 1 30 33 is_stmt 0 view .LVU30
 147 004a 1C70     		strb	r4, [r3]
  31:Core/Src/zigbee.c ****         }
 148              		.loc 1 31 13 is_stmt 1 view .LVU31
 149 004c 2246     		mov	r2, r4
 150 004e 1649     		ldr	r1, .L19+4
 151 0050 1748     		ldr	r0, .L19+12
 152              	.LVL7:
  31:Core/Src/zigbee.c ****         }
 153              		.loc 1 31 13 is_stmt 0 view .LVU32
 154 0052 FFF7FEFF 		bl	memcpy
 155              	.LVL8:
 156 0056 E2E7     		b	.L5
 157              	.LVL9:
 158              	.L16:
  35:Core/Src/zigbee.c ****             {
 159              		.loc 1 35 13 is_stmt 1 view .LVU33
  35:Core/Src/zigbee.c ****             {
 160              		.loc 1 35 42 is_stmt 0 view .LVU34
 161 0058 A31E     		subs	r3, r4, #2
  35:Core/Src/zigbee.c ****             {
 162              		.loc 1 35 31 view .LVU35
 163 005a 134A     		ldr	r2, .L19+4
 164 005c D35C     		ldrb	r3, [r2, r3]	@ zero_extendqisi2
  35:Core/Src/zigbee.c ****             {
 165              		.loc 1 35 16 view .LVU36
 166 005e 0D2B     		cmp	r3, #13
 167 0060 05D0     		beq	.L17
 168              	.L10:
  35:Core/Src/zigbee.c ****             {
ARM GAS  C:\Users\zhangjd\AppData\Local\Temp\ccZMucUy.s 			page 5


 169              		.loc 1 35 96 discriminator 3 view .LVU37
 170 0062 012C     		cmp	r4, #1
 171 0064 13D0     		beq	.L18
 172              	.LVL10:
 173              	.L12:
  40:Core/Src/zigbee.c ****         }
 174              		.loc 1 40 13 is_stmt 1 view .LVU38
  40:Core/Src/zigbee.c ****         }
 175              		.loc 1 40 33 is_stmt 0 view .LVU39
 176 0066 0F4B     		ldr	r3, .L19
 177 0068 0022     		movs	r2, #0
 178 006a 1A70     		strb	r2, [r3]
 179 006c D7E7     		b	.L5
 180              	.LVL11:
 181              	.L17:
  35:Core/Src/zigbee.c ****             {
 182              		.loc 1 35 82 discriminator 1 view .LVU40
 183 006e 631E     		subs	r3, r4, #1
  35:Core/Src/zigbee.c ****             {
 184              		.loc 1 35 71 discriminator 1 view .LVU41
 185 0070 D35C     		ldrb	r3, [r2, r3]	@ zero_extendqisi2
  35:Core/Src/zigbee.c ****             {
 186              		.loc 1 35 55 discriminator 1 view .LVU42
 187 0072 0A2B     		cmp	r3, #10
 188 0074 F5D1     		bne	.L10
 189              	.L11:
  37:Core/Src/zigbee.c ****                 memcpy(zigbeeMessage + zigbee_halfrecv_len, zigbeeReceive, rx_length);
 190              		.loc 1 37 17 is_stmt 1 view .LVU43
 191 0076 0D4E     		ldr	r6, .L19+8
 192 0078 2A46     		mov	r2, r5
 193 007a 0D49     		ldr	r1, .L19+12
 194 007c 3046     		mov	r0, r6
 195              	.LVL12:
  37:Core/Src/zigbee.c ****                 memcpy(zigbeeMessage + zigbee_halfrecv_len, zigbeeReceive, rx_length);
 196              		.loc 1 37 17 is_stmt 0 view .LVU44
 197 007e FFF7FEFF 		bl	memcpy
 198              	.LVL13:
  38:Core/Src/zigbee.c ****             }
 199              		.loc 1 38 17 is_stmt 1 view .LVU45
 200 0082 2246     		mov	r2, r4
 201 0084 0849     		ldr	r1, .L19+4
 202 0086 7019     		adds	r0, r6, r5
 203 0088 FFF7FEFF 		bl	memcpy
 204              	.LVL14:
 205 008c EBE7     		b	.L12
 206              	.LVL15:
 207              	.L18:
  35:Core/Src/zigbee.c ****             {
 208              		.loc 1 35 131 is_stmt 0 discriminator 4 view .LVU46
 209 008e 064B     		ldr	r3, .L19+4
 210 0090 1B78     		ldrb	r3, [r3]	@ zero_extendqisi2
  35:Core/Src/zigbee.c ****             {
 211              		.loc 1 35 115 discriminator 4 view .LVU47
 212 0092 0A2B     		cmp	r3, #10
 213 0094 E7D1     		bne	.L12
  35:Core/Src/zigbee.c ****             {
 214              		.loc 1 35 166 discriminator 5 view .LVU48
ARM GAS  C:\Users\zhangjd\AppData\Local\Temp\ccZMucUy.s 			page 6


 215 0096 064B     		ldr	r3, .L19+12
 216 0098 93F82E30 		ldrb	r3, [r3, #46]	@ zero_extendqisi2
  35:Core/Src/zigbee.c ****             {
 217              		.loc 1 35 143 discriminator 5 view .LVU49
 218 009c 0D2B     		cmp	r3, #13
 219 009e E2D1     		bne	.L12
 220 00a0 E9E7     		b	.L11
 221              	.L20:
 222 00a2 00BF     		.align	2
 223              	.L19:
 224 00a4 00000000 		.word	.LANCHOR3
 225 00a8 00000000 		.word	.LANCHOR1
 226 00ac 00000000 		.word	.LANCHOR2
 227 00b0 00000000 		.word	.LANCHOR4
 228              		.cfi_endproc
 229              	.LFE66:
 231              		.section	.text.zigbeeSend,"ax",%progbits
 232              		.align	1
 233              		.global	zigbeeSend
 234              		.syntax unified
 235              		.thumb
 236              		.thumb_func
 237              		.fpu softvfp
 239              	zigbeeSend:
 240              	.LVL16:
 241              	.LFB67:
  49:Core/Src/zigbee.c **** 
  50:Core/Src/zigbee.c **** void zigbeeSend(int MineType)
  51:Core/Src/zigbee.c **** {
 242              		.loc 1 51 1 is_stmt 1 view -0
 243              		.cfi_startproc
 244              		@ args = 0, pretend = 0, frame = 0
 245              		@ frame_needed = 0, uses_anonymous_args = 0
 246              		.loc 1 51 1 is_stmt 0 view .LVU51
 247 0000 08B5     		push	{r3, lr}
 248              	.LCFI2:
 249              		.cfi_def_cfa_offset 8
 250              		.cfi_offset 3, -8
 251              		.cfi_offset 14, -4
  52:Core/Src/zigbee.c ****     HAL_UART_Transmit(zigbee_huart, zigbeeMessageSend + MineType, 1, HAL_MAX_DELAY);
 252              		.loc 1 52 5 is_stmt 1 view .LVU52
 253 0002 4FF0FF33 		mov	r3, #-1
 254 0006 0122     		movs	r2, #1
 255 0008 0349     		ldr	r1, .L23
 256 000a 0144     		add	r1, r1, r0
 257 000c 0348     		ldr	r0, .L23+4
 258              	.LVL17:
 259              		.loc 1 52 5 is_stmt 0 view .LVU53
 260 000e 0068     		ldr	r0, [r0]
 261 0010 FFF7FEFF 		bl	HAL_UART_Transmit
 262              	.LVL18:
  53:Core/Src/zigbee.c **** }
 263              		.loc 1 53 1 view .LVU54
 264 0014 08BD     		pop	{r3, pc}
 265              	.L24:
 266 0016 00BF     		.align	2
 267              	.L23:
ARM GAS  C:\Users\zhangjd\AppData\Local\Temp\ccZMucUy.s 			page 7


 268 0018 00000000 		.word	.LANCHOR5
 269 001c 00000000 		.word	.LANCHOR0
 270              		.cfi_endproc
 271              	.LFE67:
 273              		.section	.text.getGameTime,"ax",%progbits
 274              		.align	1
 275              		.global	getGameTime
 276              		.syntax unified
 277              		.thumb
 278              		.thumb_func
 279              		.fpu softvfp
 281              	getGameTime:
 282              	.LFB68:
  54:Core/Src/zigbee.c **** 
  55:Core/Src/zigbee.c **** uint16_t getGameTime(void)
  56:Core/Src/zigbee.c **** {
 283              		.loc 1 56 1 is_stmt 1 view -0
 284              		.cfi_startproc
 285              		@ args = 0, pretend = 0, frame = 0
 286              		@ frame_needed = 0, uses_anonymous_args = 0
 287              		@ link register save eliminated.
  57:Core/Src/zigbee.c ****     return (zigbeeMessage[0] << 8) + zigbeeMessage[1];
 288              		.loc 1 57 5 view .LVU56
 289              		.loc 1 57 26 is_stmt 0 view .LVU57
 290 0000 034B     		ldr	r3, .L26
 291 0002 1A78     		ldrb	r2, [r3]	@ zero_extendqisi2
 292              		.loc 1 57 51 view .LVU58
 293 0004 5878     		ldrb	r0, [r3, #1]	@ zero_extendqisi2
 294              		.loc 1 57 36 view .LVU59
 295 0006 00EB0220 		add	r0, r0, r2, lsl #8
  58:Core/Src/zigbee.c **** }
 296              		.loc 1 58 1 view .LVU60
 297 000a 80B2     		uxth	r0, r0
 298 000c 7047     		bx	lr
 299              	.L27:
 300 000e 00BF     		.align	2
 301              	.L26:
 302 0010 00000000 		.word	.LANCHOR2
 303              		.cfi_endproc
 304              	.LFE68:
 306              		.section	.text.getGameState,"ax",%progbits
 307              		.align	1
 308              		.global	getGameState
 309              		.syntax unified
 310              		.thumb
 311              		.thumb_func
 312              		.fpu softvfp
 314              	getGameState:
 315              	.LFB69:
  59:Core/Src/zigbee.c **** 
  60:Core/Src/zigbee.c **** uint8_t getGameState(void)
  61:Core/Src/zigbee.c **** {
 316              		.loc 1 61 1 is_stmt 1 view -0
 317              		.cfi_startproc
 318              		@ args = 0, pretend = 0, frame = 0
 319              		@ frame_needed = 0, uses_anonymous_args = 0
 320              		@ link register save eliminated.
ARM GAS  C:\Users\zhangjd\AppData\Local\Temp\ccZMucUy.s 			page 8


  62:Core/Src/zigbee.c ****     return (uint8_t)((zigbeeMessage[2] & 0xC0) >> 6);
 321              		.loc 1 62 5 view .LVU62
 322              		.loc 1 62 36 is_stmt 0 view .LVU63
 323 0000 014B     		ldr	r3, .L29
 324 0002 9878     		ldrb	r0, [r3, #2]	@ zero_extendqisi2
  63:Core/Src/zigbee.c **** }
 325              		.loc 1 63 1 view .LVU64
 326 0004 8009     		lsrs	r0, r0, #6
 327 0006 7047     		bx	lr
 328              	.L30:
 329              		.align	2
 330              	.L29:
 331 0008 00000000 		.word	.LANCHOR2
 332              		.cfi_endproc
 333              	.LFE69:
 335              		.section	.text.getCarTask,"ax",%progbits
 336              		.align	1
 337              		.global	getCarTask
 338              		.syntax unified
 339              		.thumb
 340              		.thumb_func
 341              		.fpu softvfp
 343              	getCarTask:
 344              	.LFB70:
  64:Core/Src/zigbee.c **** 
  65:Core/Src/zigbee.c **** uint16_t getCarTask(void)
  66:Core/Src/zigbee.c **** {
 345              		.loc 1 66 1 is_stmt 1 view -0
 346              		.cfi_startproc
 347              		@ args = 0, pretend = 0, frame = 0
 348              		@ frame_needed = 0, uses_anonymous_args = 0
 349              		@ link register save eliminated.
  67:Core/Src/zigbee.c ****     return (uint16_t)((zigbeeMessage[2] & 0x20) >> 5);
 350              		.loc 1 67 5 view .LVU66
 351              		.loc 1 67 37 is_stmt 0 view .LVU67
 352 0000 024B     		ldr	r3, .L32
 353 0002 9878     		ldrb	r0, [r3, #2]	@ zero_extendqisi2
  68:Core/Src/zigbee.c **** }
 354              		.loc 1 68 1 view .LVU68
 355 0004 C0F34010 		ubfx	r0, r0, #5, #1
 356 0008 7047     		bx	lr
 357              	.L33:
 358 000a 00BF     		.align	2
 359              	.L32:
 360 000c 00000000 		.word	.LANCHOR2
 361              		.cfi_endproc
 362              	.LFE70:
 364              		.section	.text.getIsMineIntensityValid,"ax",%progbits
 365              		.align	1
 366              		.global	getIsMineIntensityValid
 367              		.syntax unified
 368              		.thumb
 369              		.thumb_func
 370              		.fpu softvfp
 372              	getIsMineIntensityValid:
 373              	.LVL19:
 374              	.LFB71:
ARM GAS  C:\Users\zhangjd\AppData\Local\Temp\ccZMucUy.s 			page 9


  69:Core/Src/zigbee.c **** 
  70:Core/Src/zigbee.c **** uint16_t getIsMineIntensityValid(int MineNo)
  71:Core/Src/zigbee.c **** {
 375              		.loc 1 71 1 is_stmt 1 view -0
 376              		.cfi_startproc
 377              		@ args = 0, pretend = 0, frame = 0
 378              		@ frame_needed = 0, uses_anonymous_args = 0
 379              		@ link register save eliminated.
  72:Core/Src/zigbee.c ****     if (MineNo == 0)
 380              		.loc 1 72 5 view .LVU70
 381              		.loc 1 72 8 is_stmt 0 view .LVU71
 382 0000 20B1     		cbz	r0, .L38
  73:Core/Src/zigbee.c ****     {
  74:Core/Src/zigbee.c ****         return (uint16_t)((zigbeeMessage[2] & 0x10) >> 4);
  75:Core/Src/zigbee.c ****     }
  76:Core/Src/zigbee.c ****     else if (MineNo == 1)
 383              		.loc 1 76 10 is_stmt 1 view .LVU72
 384              		.loc 1 76 13 is_stmt 0 view .LVU73
 385 0002 0128     		cmp	r0, #1
 386 0004 07D0     		beq	.L39
  77:Core/Src/zigbee.c ****     {
  78:Core/Src/zigbee.c ****         return (uint16_t)((zigbeeMessage[2] & 0x08) >> 3);
  79:Core/Src/zigbee.c ****     }
  80:Core/Src/zigbee.c ****     else
  81:Core/Src/zigbee.c ****     {
  82:Core/Src/zigbee.c ****         return (uint16_t)INVALID_ARG;
 387              		.loc 1 82 16 view .LVU74
 388 0006 4FF6FF70 		movw	r0, #65535
 389              	.LVL20:
  83:Core/Src/zigbee.c ****     }
  84:Core/Src/zigbee.c **** }
 390              		.loc 1 84 1 view .LVU75
 391 000a 7047     		bx	lr
 392              	.LVL21:
 393              	.L38:
  74:Core/Src/zigbee.c ****     }
 394              		.loc 1 74 9 is_stmt 1 view .LVU76
  74:Core/Src/zigbee.c ****     }
 395              		.loc 1 74 41 is_stmt 0 view .LVU77
 396 000c 044B     		ldr	r3, .L40
 397 000e 9878     		ldrb	r0, [r3, #2]	@ zero_extendqisi2
 398              	.LVL22:
  74:Core/Src/zigbee.c ****     }
 399              		.loc 1 74 16 view .LVU78
 400 0010 C0F30010 		ubfx	r0, r0, #4, #1
 401 0014 7047     		bx	lr
 402              	.LVL23:
 403              	.L39:
  78:Core/Src/zigbee.c ****     }
 404              		.loc 1 78 9 is_stmt 1 view .LVU79
  78:Core/Src/zigbee.c ****     }
 405              		.loc 1 78 41 is_stmt 0 view .LVU80
 406 0016 024B     		ldr	r3, .L40
 407 0018 9878     		ldrb	r0, [r3, #2]	@ zero_extendqisi2
 408              	.LVL24:
  78:Core/Src/zigbee.c ****     }
 409              		.loc 1 78 16 view .LVU81
ARM GAS  C:\Users\zhangjd\AppData\Local\Temp\ccZMucUy.s 			page 10


 410 001a C0F3C000 		ubfx	r0, r0, #3, #1
 411 001e 7047     		bx	lr
 412              	.L41:
 413              		.align	2
 414              	.L40:
 415 0020 00000000 		.word	.LANCHOR2
 416              		.cfi_endproc
 417              	.LFE71:
 419              		.section	.text.getCarPosX,"ax",%progbits
 420              		.align	1
 421              		.global	getCarPosX
 422              		.syntax unified
 423              		.thumb
 424              		.thumb_func
 425              		.fpu softvfp
 427              	getCarPosX:
 428              	.LFB72:
  85:Core/Src/zigbee.c **** 
  86:Core/Src/zigbee.c **** uint16_t getCarPosX()
  87:Core/Src/zigbee.c **** {
 429              		.loc 1 87 1 is_stmt 1 view -0
 430              		.cfi_startproc
 431              		@ args = 0, pretend = 0, frame = 0
 432              		@ frame_needed = 0, uses_anonymous_args = 0
 433              		@ link register save eliminated.
  88:Core/Src/zigbee.c ****     return (uint16_t)(zigbeeMessage[3]);
 434              		.loc 1 88 5 view .LVU83
  89:Core/Src/zigbee.c **** }
 435              		.loc 1 89 1 is_stmt 0 view .LVU84
 436 0000 014B     		ldr	r3, .L43
 437 0002 D878     		ldrb	r0, [r3, #3]	@ zero_extendqisi2
 438 0004 7047     		bx	lr
 439              	.L44:
 440 0006 00BF     		.align	2
 441              	.L43:
 442 0008 00000000 		.word	.LANCHOR2
 443              		.cfi_endproc
 444              	.LFE72:
 446              		.section	.text.getCarPosY,"ax",%progbits
 447              		.align	1
 448              		.global	getCarPosY
 449              		.syntax unified
 450              		.thumb
 451              		.thumb_func
 452              		.fpu softvfp
 454              	getCarPosY:
 455              	.LFB73:
  90:Core/Src/zigbee.c **** 
  91:Core/Src/zigbee.c **** uint16_t getCarPosY()
  92:Core/Src/zigbee.c **** {
 456              		.loc 1 92 1 is_stmt 1 view -0
 457              		.cfi_startproc
 458              		@ args = 0, pretend = 0, frame = 0
 459              		@ frame_needed = 0, uses_anonymous_args = 0
 460              		@ link register save eliminated.
  93:Core/Src/zigbee.c ****     return (uint16_t)(zigbeeMessage[4]);
 461              		.loc 1 93 5 view .LVU86
ARM GAS  C:\Users\zhangjd\AppData\Local\Temp\ccZMucUy.s 			page 11


  94:Core/Src/zigbee.c **** }
 462              		.loc 1 94 1 is_stmt 0 view .LVU87
 463 0000 014B     		ldr	r3, .L46
 464 0002 1879     		ldrb	r0, [r3, #4]	@ zero_extendqisi2
 465 0004 7047     		bx	lr
 466              	.L47:
 467 0006 00BF     		.align	2
 468              	.L46:
 469 0008 00000000 		.word	.LANCHOR2
 470              		.cfi_endproc
 471              	.LFE73:
 473              		.section	.text.getMineArrayType,"ax",%progbits
 474              		.align	1
 475              		.global	getMineArrayType
 476              		.syntax unified
 477              		.thumb
 478              		.thumb_func
 479              		.fpu softvfp
 481              	getMineArrayType:
 482              	.LVL25:
 483              	.LFB74:
  95:Core/Src/zigbee.c **** 
  96:Core/Src/zigbee.c **** uint16_t getMineArrayType(int MineNo)
  97:Core/Src/zigbee.c **** {
 484              		.loc 1 97 1 is_stmt 1 view -0
 485              		.cfi_startproc
 486              		@ args = 0, pretend = 0, frame = 0
 487              		@ frame_needed = 0, uses_anonymous_args = 0
 488              		@ link register save eliminated.
  98:Core/Src/zigbee.c ****     if (MineNo == 0)
 489              		.loc 1 98 5 view .LVU89
 490              		.loc 1 98 8 is_stmt 0 view .LVU90
 491 0000 20B1     		cbz	r0, .L52
  99:Core/Src/zigbee.c ****     {
 100:Core/Src/zigbee.c ****         return (uint16_t)((zigbeeMessage[5] & 0xC0) >> 6);
 101:Core/Src/zigbee.c ****     }
 102:Core/Src/zigbee.c ****     else if (MineNo == 1)
 492              		.loc 1 102 10 is_stmt 1 view .LVU91
 493              		.loc 1 102 13 is_stmt 0 view .LVU92
 494 0002 0128     		cmp	r0, #1
 495 0004 06D0     		beq	.L53
 103:Core/Src/zigbee.c ****     {
 104:Core/Src/zigbee.c ****         return (uint16_t)((zigbeeMessage[5] & 0x30) >> 4);
 105:Core/Src/zigbee.c ****     }
 106:Core/Src/zigbee.c ****     else
 107:Core/Src/zigbee.c ****     {
 108:Core/Src/zigbee.c ****         return (uint16_t)INVALID_ARG;
 496              		.loc 1 108 16 view .LVU93
 497 0006 4FF6FF70 		movw	r0, #65535
 498              	.LVL26:
 109:Core/Src/zigbee.c ****     }
 110:Core/Src/zigbee.c **** }
 499              		.loc 1 110 1 view .LVU94
 500 000a 7047     		bx	lr
 501              	.LVL27:
 502              	.L52:
 100:Core/Src/zigbee.c ****     }
ARM GAS  C:\Users\zhangjd\AppData\Local\Temp\ccZMucUy.s 			page 12


 503              		.loc 1 100 9 is_stmt 1 view .LVU95
 100:Core/Src/zigbee.c ****     }
 504              		.loc 1 100 41 is_stmt 0 view .LVU96
 505 000c 044B     		ldr	r3, .L54
 506 000e 5879     		ldrb	r0, [r3, #5]	@ zero_extendqisi2
 507              	.LVL28:
 100:Core/Src/zigbee.c ****     }
 508              		.loc 1 100 16 view .LVU97
 509 0010 8009     		lsrs	r0, r0, #6
 510 0012 7047     		bx	lr
 511              	.LVL29:
 512              	.L53:
 104:Core/Src/zigbee.c ****     }
 513              		.loc 1 104 9 is_stmt 1 view .LVU98
 104:Core/Src/zigbee.c ****     }
 514              		.loc 1 104 41 is_stmt 0 view .LVU99
 515 0014 024B     		ldr	r3, .L54
 516 0016 5879     		ldrb	r0, [r3, #5]	@ zero_extendqisi2
 517              	.LVL30:
 104:Core/Src/zigbee.c ****     }
 518              		.loc 1 104 16 view .LVU100
 519 0018 C0F30110 		ubfx	r0, r0, #4, #2
 520 001c 7047     		bx	lr
 521              	.L55:
 522 001e 00BF     		.align	2
 523              	.L54:
 524 0020 00000000 		.word	.LANCHOR2
 525              		.cfi_endproc
 526              	.LFE74:
 528              		.section	.text.getCarMineSumNum,"ax",%progbits
 529              		.align	1
 530              		.global	getCarMineSumNum
 531              		.syntax unified
 532              		.thumb
 533              		.thumb_func
 534              		.fpu softvfp
 536              	getCarMineSumNum:
 537              	.LFB75:
 111:Core/Src/zigbee.c **** 
 112:Core/Src/zigbee.c **** uint16_t getCarMineSumNum(void)
 113:Core/Src/zigbee.c **** {
 538              		.loc 1 113 1 is_stmt 1 view -0
 539              		.cfi_startproc
 540              		@ args = 0, pretend = 0, frame = 0
 541              		@ frame_needed = 0, uses_anonymous_args = 0
 542              		@ link register save eliminated.
 114:Core/Src/zigbee.c ****     return (uint16_t)(zigbeeMessage[5] & 0x0F);
 543              		.loc 1 114 5 view .LVU102
 544              		.loc 1 114 36 is_stmt 0 view .LVU103
 545 0000 024B     		ldr	r3, .L57
 546 0002 5879     		ldrb	r0, [r3, #5]	@ zero_extendqisi2
 115:Core/Src/zigbee.c **** }
 547              		.loc 1 115 1 view .LVU104
 548 0004 00F00F00 		and	r0, r0, #15
 549 0008 7047     		bx	lr
 550              	.L58:
 551 000a 00BF     		.align	2
ARM GAS  C:\Users\zhangjd\AppData\Local\Temp\ccZMucUy.s 			page 13


 552              	.L57:
 553 000c 00000000 		.word	.LANCHOR2
 554              		.cfi_endproc
 555              	.LFE75:
 557              		.section	.text.getCarMineANum,"ax",%progbits
 558              		.align	1
 559              		.global	getCarMineANum
 560              		.syntax unified
 561              		.thumb
 562              		.thumb_func
 563              		.fpu softvfp
 565              	getCarMineANum:
 566              	.LFB76:
 116:Core/Src/zigbee.c **** 
 117:Core/Src/zigbee.c **** uint16_t getCarMineANum(void)
 118:Core/Src/zigbee.c **** {
 567              		.loc 1 118 1 is_stmt 1 view -0
 568              		.cfi_startproc
 569              		@ args = 0, pretend = 0, frame = 0
 570              		@ frame_needed = 0, uses_anonymous_args = 0
 571              		@ link register save eliminated.
 119:Core/Src/zigbee.c ****     return (uint16_t)((zigbeeMessage[6] & 0xF0) >> 4);
 572              		.loc 1 119 5 view .LVU106
 573              		.loc 1 119 37 is_stmt 0 view .LVU107
 574 0000 014B     		ldr	r3, .L60
 575 0002 9879     		ldrb	r0, [r3, #6]	@ zero_extendqisi2
 120:Core/Src/zigbee.c **** }
 576              		.loc 1 120 1 view .LVU108
 577 0004 0009     		lsrs	r0, r0, #4
 578 0006 7047     		bx	lr
 579              	.L61:
 580              		.align	2
 581              	.L60:
 582 0008 00000000 		.word	.LANCHOR2
 583              		.cfi_endproc
 584              	.LFE76:
 586              		.section	.text.getCarMineBNum,"ax",%progbits
 587              		.align	1
 588              		.global	getCarMineBNum
 589              		.syntax unified
 590              		.thumb
 591              		.thumb_func
 592              		.fpu softvfp
 594              	getCarMineBNum:
 595              	.LFB77:
 121:Core/Src/zigbee.c **** 
 122:Core/Src/zigbee.c **** uint16_t getCarMineBNum(void)
 123:Core/Src/zigbee.c **** {
 596              		.loc 1 123 1 is_stmt 1 view -0
 597              		.cfi_startproc
 598              		@ args = 0, pretend = 0, frame = 0
 599              		@ frame_needed = 0, uses_anonymous_args = 0
 600              		@ link register save eliminated.
 124:Core/Src/zigbee.c ****     return (uint16_t)(zigbeeMessage[6] & 0x0F);
 601              		.loc 1 124 5 view .LVU110
 602              		.loc 1 124 36 is_stmt 0 view .LVU111
 603 0000 024B     		ldr	r3, .L63
ARM GAS  C:\Users\zhangjd\AppData\Local\Temp\ccZMucUy.s 			page 14


 604 0002 9879     		ldrb	r0, [r3, #6]	@ zero_extendqisi2
 125:Core/Src/zigbee.c **** }
 605              		.loc 1 125 1 view .LVU112
 606 0004 00F00F00 		and	r0, r0, #15
 607 0008 7047     		bx	lr
 608              	.L64:
 609 000a 00BF     		.align	2
 610              	.L63:
 611 000c 00000000 		.word	.LANCHOR2
 612              		.cfi_endproc
 613              	.LFE77:
 615              		.section	.text.getCarMineCNum,"ax",%progbits
 616              		.align	1
 617              		.global	getCarMineCNum
 618              		.syntax unified
 619              		.thumb
 620              		.thumb_func
 621              		.fpu softvfp
 623              	getCarMineCNum:
 624              	.LFB78:
 126:Core/Src/zigbee.c **** 
 127:Core/Src/zigbee.c **** uint16_t getCarMineCNum(void)
 128:Core/Src/zigbee.c **** {
 625              		.loc 1 128 1 is_stmt 1 view -0
 626              		.cfi_startproc
 627              		@ args = 0, pretend = 0, frame = 0
 628              		@ frame_needed = 0, uses_anonymous_args = 0
 629              		@ link register save eliminated.
 129:Core/Src/zigbee.c ****     return (uint16_t)((zigbeeMessage[7] & 0xF0) >> 4);
 630              		.loc 1 129 5 view .LVU114
 631              		.loc 1 129 37 is_stmt 0 view .LVU115
 632 0000 014B     		ldr	r3, .L66
 633 0002 D879     		ldrb	r0, [r3, #7]	@ zero_extendqisi2
 130:Core/Src/zigbee.c **** }
 634              		.loc 1 130 1 view .LVU116
 635 0004 0009     		lsrs	r0, r0, #4
 636 0006 7047     		bx	lr
 637              	.L67:
 638              		.align	2
 639              	.L66:
 640 0008 00000000 		.word	.LANCHOR2
 641              		.cfi_endproc
 642              	.LFE78:
 644              		.section	.text.getCarMineDNum,"ax",%progbits
 645              		.align	1
 646              		.global	getCarMineDNum
 647              		.syntax unified
 648              		.thumb
 649              		.thumb_func
 650              		.fpu softvfp
 652              	getCarMineDNum:
 653              	.LFB79:
 131:Core/Src/zigbee.c **** 
 132:Core/Src/zigbee.c **** uint16_t getCarMineDNum(void)
 133:Core/Src/zigbee.c **** {
 654              		.loc 1 133 1 is_stmt 1 view -0
 655              		.cfi_startproc
ARM GAS  C:\Users\zhangjd\AppData\Local\Temp\ccZMucUy.s 			page 15


 656              		@ args = 0, pretend = 0, frame = 0
 657              		@ frame_needed = 0, uses_anonymous_args = 0
 658              		@ link register save eliminated.
 134:Core/Src/zigbee.c ****     return (uint16_t)(zigbeeMessage[7] & 0x0F);
 659              		.loc 1 134 5 view .LVU118
 660              		.loc 1 134 36 is_stmt 0 view .LVU119
 661 0000 024B     		ldr	r3, .L69
 662 0002 D879     		ldrb	r0, [r3, #7]	@ zero_extendqisi2
 135:Core/Src/zigbee.c **** }
 663              		.loc 1 135 1 view .LVU120
 664 0004 00F00F00 		and	r0, r0, #15
 665 0008 7047     		bx	lr
 666              	.L70:
 667 000a 00BF     		.align	2
 668              	.L69:
 669 000c 00000000 		.word	.LANCHOR2
 670              		.cfi_endproc
 671              	.LFE79:
 673              		.section	.text.getMyBeaconMineType,"ax",%progbits
 674              		.align	1
 675              		.global	getMyBeaconMineType
 676              		.syntax unified
 677              		.thumb
 678              		.thumb_func
 679              		.fpu softvfp
 681              	getMyBeaconMineType:
 682              	.LVL31:
 683              	.LFB80:
 136:Core/Src/zigbee.c **** 
 137:Core/Src/zigbee.c **** uint16_t getMyBeaconMineType(int MineType)
 138:Core/Src/zigbee.c **** {
 684              		.loc 1 138 1 is_stmt 1 view -0
 685              		.cfi_startproc
 686              		@ args = 0, pretend = 0, frame = 0
 687              		@ frame_needed = 0, uses_anonymous_args = 0
 688              		@ link register save eliminated.
 139:Core/Src/zigbee.c ****     if (MineType == 0)
 689              		.loc 1 139 5 view .LVU122
 690              		.loc 1 139 8 is_stmt 0 view .LVU123
 691 0000 30B1     		cbz	r0, .L76
 140:Core/Src/zigbee.c ****     {
 141:Core/Src/zigbee.c ****         return (uint16_t)((zigbeeMessage[8] & 0xC0) >> 6);
 142:Core/Src/zigbee.c ****     }
 143:Core/Src/zigbee.c ****     else if (MineType == 1)
 692              		.loc 1 143 10 is_stmt 1 view .LVU124
 693              		.loc 1 143 13 is_stmt 0 view .LVU125
 694 0002 0128     		cmp	r0, #1
 695 0004 08D0     		beq	.L77
 144:Core/Src/zigbee.c ****     {
 145:Core/Src/zigbee.c ****         return (uint16_t)((zigbeeMessage[8] & 0x30) >> 4);
 146:Core/Src/zigbee.c ****     }
 147:Core/Src/zigbee.c ****     else if (MineType == 2)
 696              		.loc 1 147 10 is_stmt 1 view .LVU126
 697              		.loc 1 147 13 is_stmt 0 view .LVU127
 698 0006 0228     		cmp	r0, #2
 699 0008 0BD0     		beq	.L78
 148:Core/Src/zigbee.c ****     {
ARM GAS  C:\Users\zhangjd\AppData\Local\Temp\ccZMucUy.s 			page 16


 149:Core/Src/zigbee.c ****         return (uint16_t)((zigbeeMessage[8] & 0x0C) >> 2);
 150:Core/Src/zigbee.c ****     }
 151:Core/Src/zigbee.c ****     else
 152:Core/Src/zigbee.c ****     {
 153:Core/Src/zigbee.c ****         return (uint16_t)INVALID_ARG;
 700              		.loc 1 153 16 view .LVU128
 701 000a 4FF6FF70 		movw	r0, #65535
 702              	.LVL32:
 154:Core/Src/zigbee.c ****     }
 155:Core/Src/zigbee.c **** }
 703              		.loc 1 155 1 view .LVU129
 704 000e 7047     		bx	lr
 705              	.LVL33:
 706              	.L76:
 141:Core/Src/zigbee.c ****     }
 707              		.loc 1 141 9 is_stmt 1 view .LVU130
 141:Core/Src/zigbee.c ****     }
 708              		.loc 1 141 41 is_stmt 0 view .LVU131
 709 0010 064B     		ldr	r3, .L79
 710 0012 187A     		ldrb	r0, [r3, #8]	@ zero_extendqisi2
 711              	.LVL34:
 141:Core/Src/zigbee.c ****     }
 712              		.loc 1 141 16 view .LVU132
 713 0014 8009     		lsrs	r0, r0, #6
 714 0016 7047     		bx	lr
 715              	.LVL35:
 716              	.L77:
 145:Core/Src/zigbee.c ****     }
 717              		.loc 1 145 9 is_stmt 1 view .LVU133
 145:Core/Src/zigbee.c ****     }
 718              		.loc 1 145 41 is_stmt 0 view .LVU134
 719 0018 044B     		ldr	r3, .L79
 720 001a 187A     		ldrb	r0, [r3, #8]	@ zero_extendqisi2
 721              	.LVL36:
 145:Core/Src/zigbee.c ****     }
 722              		.loc 1 145 16 view .LVU135
 723 001c C0F30110 		ubfx	r0, r0, #4, #2
 724 0020 7047     		bx	lr
 725              	.LVL37:
 726              	.L78:
 149:Core/Src/zigbee.c ****     }
 727              		.loc 1 149 9 is_stmt 1 view .LVU136
 149:Core/Src/zigbee.c ****     }
 728              		.loc 1 149 41 is_stmt 0 view .LVU137
 729 0022 024B     		ldr	r3, .L79
 730 0024 187A     		ldrb	r0, [r3, #8]	@ zero_extendqisi2
 731              	.LVL38:
 149:Core/Src/zigbee.c ****     }
 732              		.loc 1 149 16 view .LVU138
 733 0026 C0F38100 		ubfx	r0, r0, #2, #2
 734 002a 7047     		bx	lr
 735              	.L80:
 736              		.align	2
 737              	.L79:
 738 002c 00000000 		.word	.LANCHOR2
 739              		.cfi_endproc
 740              	.LFE80:
ARM GAS  C:\Users\zhangjd\AppData\Local\Temp\ccZMucUy.s 			page 17


 742              		.section	.text.getMineIntensity,"ax",%progbits
 743              		.align	1
 744              		.global	getMineIntensity
 745              		.syntax unified
 746              		.thumb
 747              		.thumb_func
 748              		.fpu softvfp
 750              	getMineIntensity:
 751              	.LVL39:
 752              	.LFB81:
 156:Core/Src/zigbee.c **** 
 157:Core/Src/zigbee.c **** uint32_t getMineIntensity(int MineNo)
 158:Core/Src/zigbee.c **** {
 753              		.loc 1 158 1 is_stmt 1 view -0
 754              		.cfi_startproc
 755              		@ args = 0, pretend = 0, frame = 0
 756              		@ frame_needed = 0, uses_anonymous_args = 0
 757              		@ link register save eliminated.
 159:Core/Src/zigbee.c ****     if (MineNo == 0 || MineNo == 1)
 758              		.loc 1 159 5 view .LVU140
 759              		.loc 1 159 8 is_stmt 0 view .LVU141
 760 0000 0128     		cmp	r0, #1
 761 0002 14D8     		bhi	.L83
 160:Core/Src/zigbee.c ****     {
 161:Core/Src/zigbee.c ****         return (uint32_t)((zigbeeMessage[9 + 4 * MineNo] << 24) + (zigbeeMessage[10 + 4 * MineNo] <
 762              		.loc 1 161 9 is_stmt 1 view .LVU142
 763              		.loc 1 161 48 is_stmt 0 view .LVU143
 764 0004 8200     		lsls	r2, r0, #2
 765              		.loc 1 161 44 view .LVU144
 766 0006 02F10903 		add	r3, r2, #9
 767              		.loc 1 161 41 view .LVU145
 768 000a 0A49     		ldr	r1, .L84
 769 000c 11F803C0 		ldrb	ip, [r1, r3]	@ zero_extendqisi2
 770              		.loc 1 161 85 view .LVU146
 771 0010 02F10A03 		add	r3, r2, #10
 772              		.loc 1 161 81 view .LVU147
 773 0014 CB5C     		ldrb	r3, [r1, r3]	@ zero_extendqisi2
 774              		.loc 1 161 99 view .LVU148
 775 0016 1B04     		lsls	r3, r3, #16
 776              		.loc 1 161 65 view .LVU149
 777 0018 03EB0C63 		add	r3, r3, ip, lsl #24
 778              		.loc 1 161 126 view .LVU150
 779 001c 0B32     		adds	r2, r2, #11
 780              		.loc 1 161 122 view .LVU151
 781 001e 8A5C     		ldrb	r2, [r1, r2]	@ zero_extendqisi2
 782              		.loc 1 161 106 view .LVU152
 783 0020 03EB0223 		add	r3, r3, r2, lsl #8
 784              		.loc 1 161 166 view .LVU153
 785 0024 0330     		adds	r0, r0, #3
 786              	.LVL40:
 787              		.loc 1 161 162 view .LVU154
 788 0026 11F82000 		ldrb	r0, [r1, r0, lsl #2]	@ zero_extendqisi2
 789              	.LVL41:
 790              		.loc 1 161 146 view .LVU155
 791 002a 1844     		add	r0, r0, r3
 792              		.loc 1 161 16 view .LVU156
 793 002c 7047     		bx	lr
ARM GAS  C:\Users\zhangjd\AppData\Local\Temp\ccZMucUy.s 			page 18


 794              	.LVL42:
 795              	.L83:
 162:Core/Src/zigbee.c ****     }
 163:Core/Src/zigbee.c ****     else
 164:Core/Src/zigbee.c ****     {
 165:Core/Src/zigbee.c ****         return (uint32_t)INVALID_ARG;
 796              		.loc 1 165 16 view .LVU157
 797 002e 4FF0FF30 		mov	r0, #-1
 798              	.LVL43:
 166:Core/Src/zigbee.c ****     }
 167:Core/Src/zigbee.c **** }
 799              		.loc 1 167 1 view .LVU158
 800 0032 7047     		bx	lr
 801              	.L85:
 802              		.align	2
 803              	.L84:
 804 0034 00000000 		.word	.LANCHOR2
 805              		.cfi_endproc
 806              	.LFE81:
 808              		.section	.text.getDistanceOfMyBeacon,"ax",%progbits
 809              		.align	1
 810              		.global	getDistanceOfMyBeacon
 811              		.syntax unified
 812              		.thumb
 813              		.thumb_func
 814              		.fpu softvfp
 816              	getDistanceOfMyBeacon:
 817              	.LVL44:
 818              	.LFB82:
 168:Core/Src/zigbee.c **** 
 169:Core/Src/zigbee.c **** uint16_t getDistanceOfMyBeacon(int BeaconNo)
 170:Core/Src/zigbee.c **** {
 819              		.loc 1 170 1 is_stmt 1 view -0
 820              		.cfi_startproc
 821              		@ args = 0, pretend = 0, frame = 0
 822              		@ frame_needed = 0, uses_anonymous_args = 0
 823              		@ link register save eliminated.
 171:Core/Src/zigbee.c ****     if (BeaconNo != 0 && BeaconNo != 1 && BeaconNo != 2)
 824              		.loc 1 171 5 view .LVU160
 825              		.loc 1 171 8 is_stmt 0 view .LVU161
 826 0000 0228     		cmp	r0, #2
 827 0002 0AD8     		bhi	.L88
 172:Core/Src/zigbee.c ****         return (uint16_t)INVALID_ARG;
 173:Core/Src/zigbee.c ****     else
 174:Core/Src/zigbee.c ****         return (uint16_t)((zigbeeMessage[17 + 2 * BeaconNo] << 8) + zigbeeMessage[18 + 2 * BeaconNo
 828              		.loc 1 174 9 is_stmt 1 view .LVU162
 829              		.loc 1 174 49 is_stmt 0 view .LVU163
 830 0004 4300     		lsls	r3, r0, #1
 831              		.loc 1 174 45 view .LVU164
 832 0006 1133     		adds	r3, r3, #17
 833              		.loc 1 174 41 view .LVU165
 834 0008 054A     		ldr	r2, .L89
 835 000a D35C     		ldrb	r3, [r2, r3]	@ zero_extendqisi2
 836              		.loc 1 174 86 view .LVU166
 837 000c 0930     		adds	r0, r0, #9
 838              	.LVL45:
 839              		.loc 1 174 82 view .LVU167
ARM GAS  C:\Users\zhangjd\AppData\Local\Temp\ccZMucUy.s 			page 19


 840 000e 12F81000 		ldrb	r0, [r2, r0, lsl #1]	@ zero_extendqisi2
 841              	.LVL46:
 842              		.loc 1 174 16 view .LVU168
 843 0012 00EB0320 		add	r0, r0, r3, lsl #8
 844 0016 80B2     		uxth	r0, r0
 845 0018 7047     		bx	lr
 846              	.LVL47:
 847              	.L88:
 172:Core/Src/zigbee.c ****         return (uint16_t)INVALID_ARG;
 848              		.loc 1 172 16 view .LVU169
 849 001a 4FF6FF70 		movw	r0, #65535
 850              	.LVL48:
 175:Core/Src/zigbee.c **** }
 851              		.loc 1 175 1 view .LVU170
 852 001e 7047     		bx	lr
 853              	.L90:
 854              		.align	2
 855              	.L89:
 856 0020 00000000 		.word	.LANCHOR2
 857              		.cfi_endproc
 858              	.LFE82:
 860              		.section	.text.getDistanceOfRivalBeacon,"ax",%progbits
 861              		.align	1
 862              		.global	getDistanceOfRivalBeacon
 863              		.syntax unified
 864              		.thumb
 865              		.thumb_func
 866              		.fpu softvfp
 868              	getDistanceOfRivalBeacon:
 869              	.LVL49:
 870              	.LFB83:
 176:Core/Src/zigbee.c **** 
 177:Core/Src/zigbee.c **** uint16_t getDistanceOfRivalBeacon(int BeaconNo)
 178:Core/Src/zigbee.c **** {
 871              		.loc 1 178 1 is_stmt 1 view -0
 872              		.cfi_startproc
 873              		@ args = 0, pretend = 0, frame = 0
 874              		@ frame_needed = 0, uses_anonymous_args = 0
 875              		@ link register save eliminated.
 179:Core/Src/zigbee.c ****     if (BeaconNo != 0 && BeaconNo != 1 && BeaconNo != 2)
 876              		.loc 1 179 5 view .LVU172
 877              		.loc 1 179 8 is_stmt 0 view .LVU173
 878 0000 0228     		cmp	r0, #2
 879 0002 0AD8     		bhi	.L93
 180:Core/Src/zigbee.c ****         return (uint16_t)INVALID_ARG;
 181:Core/Src/zigbee.c ****     else
 182:Core/Src/zigbee.c ****         return (uint16_t)((zigbeeMessage[23 + 2 * BeaconNo] << 8) + zigbeeMessage[24 + 2 * BeaconNo
 880              		.loc 1 182 9 is_stmt 1 view .LVU174
 881              		.loc 1 182 49 is_stmt 0 view .LVU175
 882 0004 4300     		lsls	r3, r0, #1
 883              		.loc 1 182 45 view .LVU176
 884 0006 1733     		adds	r3, r3, #23
 885              		.loc 1 182 41 view .LVU177
 886 0008 054A     		ldr	r2, .L94
 887 000a D35C     		ldrb	r3, [r2, r3]	@ zero_extendqisi2
 888              		.loc 1 182 86 view .LVU178
 889 000c 0C30     		adds	r0, r0, #12
ARM GAS  C:\Users\zhangjd\AppData\Local\Temp\ccZMucUy.s 			page 20


 890              	.LVL50:
 891              		.loc 1 182 82 view .LVU179
 892 000e 12F81000 		ldrb	r0, [r2, r0, lsl #1]	@ zero_extendqisi2
 893              	.LVL51:
 894              		.loc 1 182 16 view .LVU180
 895 0012 00EB0320 		add	r0, r0, r3, lsl #8
 896 0016 80B2     		uxth	r0, r0
 897 0018 7047     		bx	lr
 898              	.LVL52:
 899              	.L93:
 180:Core/Src/zigbee.c ****         return (uint16_t)INVALID_ARG;
 900              		.loc 1 180 16 view .LVU181
 901 001a 4FF6FF70 		movw	r0, #65535
 902              	.LVL53:
 183:Core/Src/zigbee.c **** }
 903              		.loc 1 183 1 view .LVU182
 904 001e 7047     		bx	lr
 905              	.L95:
 906              		.align	2
 907              	.L94:
 908 0020 00000000 		.word	.LANCHOR2
 909              		.cfi_endproc
 910              	.LFE83:
 912              		.section	.text.getParkDotMineType,"ax",%progbits
 913              		.align	1
 914              		.global	getParkDotMineType
 915              		.syntax unified
 916              		.thumb
 917              		.thumb_func
 918              		.fpu softvfp
 920              	getParkDotMineType:
 921              	.LVL54:
 922              	.LFB84:
 184:Core/Src/zigbee.c **** 
 185:Core/Src/zigbee.c **** uint16_t getParkDotMineType(int ParkDotNo)
 186:Core/Src/zigbee.c **** {
 923              		.loc 1 186 1 is_stmt 1 view -0
 924              		.cfi_startproc
 925              		@ args = 0, pretend = 0, frame = 0
 926              		@ frame_needed = 0, uses_anonymous_args = 0
 927              		@ link register save eliminated.
 187:Core/Src/zigbee.c ****     if (ParkDotNo < 0 || ParkDotNo > 7)
 928              		.loc 1 187 5 view .LVU184
 929              		.loc 1 187 8 is_stmt 0 view .LVU185
 930 0000 0728     		cmp	r0, #7
 931 0002 2ED8     		bhi	.L108
 188:Core/Src/zigbee.c ****         return (uint16_t)INVALID_ARG;
 189:Core/Src/zigbee.c ****     else
 190:Core/Src/zigbee.c ****         switch (ParkDotNo)
 932              		.loc 1 190 9 is_stmt 1 view .LVU186
 933 0004 0728     		cmp	r0, #7
 934 0006 2BD8     		bhi	.L98
 935 0008 DFE800F0 		tbb	[pc, r0]
 936              	.L100:
 937 000c 04       		.byte	(.L107-.L100)/2
 938 000d 08       		.byte	(.L106-.L100)/2
 939 000e 0D       		.byte	(.L105-.L100)/2
ARM GAS  C:\Users\zhangjd\AppData\Local\Temp\ccZMucUy.s 			page 21


 940 000f 12       		.byte	(.L104-.L100)/2
 941 0010 17       		.byte	(.L103-.L100)/2
 942 0011 1B       		.byte	(.L102-.L100)/2
 943 0012 20       		.byte	(.L101-.L100)/2
 944 0013 25       		.byte	(.L99-.L100)/2
 945              		.p2align 1
 946              	.L107:
 191:Core/Src/zigbee.c ****         {
 192:Core/Src/zigbee.c ****         case 0:
 193:Core/Src/zigbee.c ****             return (uint16_t)((zigbeeMessage[29] & 0xC0) >> 6);
 947              		.loc 1 193 13 view .LVU187
 948              		.loc 1 193 45 is_stmt 0 view .LVU188
 949 0014 144B     		ldr	r3, .L109
 950 0016 587F     		ldrb	r0, [r3, #29]	@ zero_extendqisi2
 951              	.LVL55:
 952              		.loc 1 193 20 view .LVU189
 953 0018 8009     		lsrs	r0, r0, #6
 954 001a 7047     		bx	lr
 955              	.LVL56:
 956              	.L106:
 194:Core/Src/zigbee.c ****             break;
 957              		.loc 1 194 13 is_stmt 1 view .LVU190
 195:Core/Src/zigbee.c ****         case 1:
 196:Core/Src/zigbee.c ****             return (uint16_t)((zigbeeMessage[29] & 0x30) >> 4);
 958              		.loc 1 196 13 view .LVU191
 959              		.loc 1 196 45 is_stmt 0 view .LVU192
 960 001c 124B     		ldr	r3, .L109
 961 001e 587F     		ldrb	r0, [r3, #29]	@ zero_extendqisi2
 962              	.LVL57:
 963              		.loc 1 196 20 view .LVU193
 964 0020 C0F30110 		ubfx	r0, r0, #4, #2
 965 0024 7047     		bx	lr
 966              	.LVL58:
 967              	.L105:
 197:Core/Src/zigbee.c ****             break;
 968              		.loc 1 197 13 is_stmt 1 view .LVU194
 198:Core/Src/zigbee.c ****         case 2:
 199:Core/Src/zigbee.c ****             return (uint16_t)((zigbeeMessage[29] & 0x0C) >> 2);
 969              		.loc 1 199 13 view .LVU195
 970              		.loc 1 199 45 is_stmt 0 view .LVU196
 971 0026 104B     		ldr	r3, .L109
 972 0028 587F     		ldrb	r0, [r3, #29]	@ zero_extendqisi2
 973              	.LVL59:
 974              		.loc 1 199 20 view .LVU197
 975 002a C0F38100 		ubfx	r0, r0, #2, #2
 976 002e 7047     		bx	lr
 977              	.LVL60:
 978              	.L104:
 200:Core/Src/zigbee.c ****             break;
 979              		.loc 1 200 13 is_stmt 1 view .LVU198
 201:Core/Src/zigbee.c ****         case 3:
 202:Core/Src/zigbee.c ****             return (uint16_t)((zigbeeMessage[29] & 0x03));
 980              		.loc 1 202 13 view .LVU199
 981              		.loc 1 202 45 is_stmt 0 view .LVU200
 982 0030 0D4B     		ldr	r3, .L109
 983 0032 587F     		ldrb	r0, [r3, #29]	@ zero_extendqisi2
 984              	.LVL61:
ARM GAS  C:\Users\zhangjd\AppData\Local\Temp\ccZMucUy.s 			page 22


 985              		.loc 1 202 20 view .LVU201
 986 0034 00F00300 		and	r0, r0, #3
 987 0038 7047     		bx	lr
 988              	.LVL62:
 989              	.L103:
 203:Core/Src/zigbee.c ****             break;
 990              		.loc 1 203 13 is_stmt 1 view .LVU202
 204:Core/Src/zigbee.c ****         case 4:
 205:Core/Src/zigbee.c ****             return (uint16_t)((zigbeeMessage[30] & 0xC0) >> 6);
 991              		.loc 1 205 13 view .LVU203
 992              		.loc 1 205 45 is_stmt 0 view .LVU204
 993 003a 0B4B     		ldr	r3, .L109
 994 003c 987F     		ldrb	r0, [r3, #30]	@ zero_extendqisi2
 995              	.LVL63:
 996              		.loc 1 205 20 view .LVU205
 997 003e 8009     		lsrs	r0, r0, #6
 998 0040 7047     		bx	lr
 999              	.LVL64:
 1000              	.L102:
 206:Core/Src/zigbee.c ****             break;
 1001              		.loc 1 206 13 is_stmt 1 view .LVU206
 207:Core/Src/zigbee.c ****         case 5:
 208:Core/Src/zigbee.c ****             return (uint16_t)((zigbeeMessage[30] & 0x30) >> 4);
 1002              		.loc 1 208 13 view .LVU207
 1003              		.loc 1 208 45 is_stmt 0 view .LVU208
 1004 0042 094B     		ldr	r3, .L109
 1005 0044 987F     		ldrb	r0, [r3, #30]	@ zero_extendqisi2
 1006              	.LVL65:
 1007              		.loc 1 208 20 view .LVU209
 1008 0046 C0F30110 		ubfx	r0, r0, #4, #2
 1009 004a 7047     		bx	lr
 1010              	.LVL66:
 1011              	.L101:
 209:Core/Src/zigbee.c ****             break;
 1012              		.loc 1 209 13 is_stmt 1 view .LVU210
 210:Core/Src/zigbee.c ****         case 6:
 211:Core/Src/zigbee.c ****             return (uint16_t)((zigbeeMessage[30] & 0x0C) >> 2);
 1013              		.loc 1 211 13 view .LVU211
 1014              		.loc 1 211 45 is_stmt 0 view .LVU212
 1015 004c 064B     		ldr	r3, .L109
 1016 004e 987F     		ldrb	r0, [r3, #30]	@ zero_extendqisi2
 1017              	.LVL67:
 1018              		.loc 1 211 20 view .LVU213
 1019 0050 C0F38100 		ubfx	r0, r0, #2, #2
 1020 0054 7047     		bx	lr
 1021              	.LVL68:
 1022              	.L99:
 212:Core/Src/zigbee.c ****             break;
 1023              		.loc 1 212 13 is_stmt 1 view .LVU214
 213:Core/Src/zigbee.c ****         case 7:
 214:Core/Src/zigbee.c ****             return (uint16_t)((zigbeeMessage[30] & 0x03));
 1024              		.loc 1 214 13 view .LVU215
 1025              		.loc 1 214 45 is_stmt 0 view .LVU216
 1026 0056 044B     		ldr	r3, .L109
 1027 0058 987F     		ldrb	r0, [r3, #30]	@ zero_extendqisi2
 1028              	.LVL69:
 1029              		.loc 1 214 20 view .LVU217
ARM GAS  C:\Users\zhangjd\AppData\Local\Temp\ccZMucUy.s 			page 23


 1030 005a 00F00300 		and	r0, r0, #3
 1031 005e 7047     		bx	lr
 1032              	.LVL70:
 1033              	.L98:
 215:Core/Src/zigbee.c ****             break;
 1034              		.loc 1 215 13 is_stmt 1 view .LVU218
 1035              	.LVL71:
 216:Core/Src/zigbee.c ****         }
 217:Core/Src/zigbee.c **** }
 1036              		.loc 1 217 1 is_stmt 0 view .LVU219
 1037 0060 7047     		bx	lr
 1038              	.LVL72:
 1039              	.L108:
 188:Core/Src/zigbee.c ****     else
 1040              		.loc 1 188 16 view .LVU220
 1041 0062 4FF6FF70 		movw	r0, #65535
 1042              	.LVL73:
 1043              		.loc 1 217 1 view .LVU221
 1044 0066 7047     		bx	lr
 1045              	.L110:
 1046              		.align	2
 1047              	.L109:
 1048 0068 00000000 		.word	.LANCHOR2
 1049              		.cfi_endproc
 1050              	.LFE84:
 1052              		.section	.text.getCarZone,"ax",%progbits
 1053              		.align	1
 1054              		.global	getCarZone
 1055              		.syntax unified
 1056              		.thumb
 1057              		.thumb_func
 1058              		.fpu softvfp
 1060              	getCarZone:
 1061              	.LFB85:
 218:Core/Src/zigbee.c **** 
 219:Core/Src/zigbee.c **** uint16_t getCarZone(void)
 220:Core/Src/zigbee.c **** {
 1062              		.loc 1 220 1 is_stmt 1 view -0
 1063              		.cfi_startproc
 1064              		@ args = 0, pretend = 0, frame = 0
 1065              		@ frame_needed = 0, uses_anonymous_args = 0
 1066              		@ link register save eliminated.
 221:Core/Src/zigbee.c ****     return (uint16_t)((zigbeeMessage[31] & 0x80) >> 7);
 1067              		.loc 1 221 5 view .LVU223
 1068              		.loc 1 221 37 is_stmt 0 view .LVU224
 1069 0000 014B     		ldr	r3, .L112
 1070 0002 D87F     		ldrb	r0, [r3, #31]	@ zero_extendqisi2
 222:Core/Src/zigbee.c **** }
 1071              		.loc 1 222 1 view .LVU225
 1072 0004 C009     		lsrs	r0, r0, #7
 1073 0006 7047     		bx	lr
 1074              	.L113:
 1075              		.align	2
 1076              	.L112:
 1077 0008 00000000 		.word	.LANCHOR2
 1078              		.cfi_endproc
 1079              	.LFE85:
ARM GAS  C:\Users\zhangjd\AppData\Local\Temp\ccZMucUy.s 			page 24


 1081              		.section	.text.getIsCarPosValid,"ax",%progbits
 1082              		.align	1
 1083              		.global	getIsCarPosValid
 1084              		.syntax unified
 1085              		.thumb
 1086              		.thumb_func
 1087              		.fpu softvfp
 1089              	getIsCarPosValid:
 1090              	.LFB86:
 223:Core/Src/zigbee.c **** 
 224:Core/Src/zigbee.c **** uint16_t getIsCarPosValid(void)
 225:Core/Src/zigbee.c **** {
 1091              		.loc 1 225 1 is_stmt 1 view -0
 1092              		.cfi_startproc
 1093              		@ args = 0, pretend = 0, frame = 0
 1094              		@ frame_needed = 0, uses_anonymous_args = 0
 1095              		@ link register save eliminated.
 226:Core/Src/zigbee.c ****     return (uint16_t)((zigbeeMessage[31] & 0x40) >> 6);
 1096              		.loc 1 226 5 view .LVU227
 1097              		.loc 1 226 37 is_stmt 0 view .LVU228
 1098 0000 024B     		ldr	r3, .L115
 1099 0002 D87F     		ldrb	r0, [r3, #31]	@ zero_extendqisi2
 227:Core/Src/zigbee.c **** }
 1100              		.loc 1 227 1 view .LVU229
 1101 0004 C0F38010 		ubfx	r0, r0, #6, #1
 1102 0008 7047     		bx	lr
 1103              	.L116:
 1104 000a 00BF     		.align	2
 1105              	.L115:
 1106 000c 00000000 		.word	.LANCHOR2
 1107              		.cfi_endproc
 1108              	.LFE86:
 1110              		.section	.text.getIsDistanceOfMyBeaconValid,"ax",%progbits
 1111              		.align	1
 1112              		.global	getIsDistanceOfMyBeaconValid
 1113              		.syntax unified
 1114              		.thumb
 1115              		.thumb_func
 1116              		.fpu softvfp
 1118              	getIsDistanceOfMyBeaconValid:
 1119              	.LVL74:
 1120              	.LFB87:
 228:Core/Src/zigbee.c **** 
 229:Core/Src/zigbee.c **** uint16_t getIsDistanceOfMyBeaconValid(int BeaconNo)
 230:Core/Src/zigbee.c **** {
 1121              		.loc 1 230 1 is_stmt 1 view -0
 1122              		.cfi_startproc
 1123              		@ args = 0, pretend = 0, frame = 0
 1124              		@ frame_needed = 0, uses_anonymous_args = 0
 1125              		@ link register save eliminated.
 231:Core/Src/zigbee.c ****     if (BeaconNo == 0)
 1126              		.loc 1 231 5 view .LVU231
 1127              		.loc 1 231 8 is_stmt 0 view .LVU232
 1128 0000 30B1     		cbz	r0, .L122
 232:Core/Src/zigbee.c ****     {
 233:Core/Src/zigbee.c ****         return (uint16_t)((zigbeeMessage[31] & 0x20) >> 5);
 234:Core/Src/zigbee.c ****     }
ARM GAS  C:\Users\zhangjd\AppData\Local\Temp\ccZMucUy.s 			page 25


 235:Core/Src/zigbee.c ****     else if (BeaconNo == 1)
 1129              		.loc 1 235 10 is_stmt 1 view .LVU233
 1130              		.loc 1 235 13 is_stmt 0 view .LVU234
 1131 0002 0128     		cmp	r0, #1
 1132 0004 09D0     		beq	.L123
 236:Core/Src/zigbee.c ****     {
 237:Core/Src/zigbee.c ****         return (uint16_t)((zigbeeMessage[31] & 0x10) >> 4);
 238:Core/Src/zigbee.c ****     }
 239:Core/Src/zigbee.c ****     else if (BeaconNo == 2)
 1133              		.loc 1 239 10 is_stmt 1 view .LVU235
 1134              		.loc 1 239 13 is_stmt 0 view .LVU236
 1135 0006 0228     		cmp	r0, #2
 1136 0008 0CD0     		beq	.L124
 240:Core/Src/zigbee.c ****     {
 241:Core/Src/zigbee.c ****         return (uint16_t)((zigbeeMessage[31] & 0x08) >> 3);
 242:Core/Src/zigbee.c ****     }
 243:Core/Src/zigbee.c ****     else
 244:Core/Src/zigbee.c ****     {
 245:Core/Src/zigbee.c ****         return (uint16_t)INVALID_ARG;
 1137              		.loc 1 245 16 view .LVU237
 1138 000a 4FF6FF70 		movw	r0, #65535
 1139              	.LVL75:
 246:Core/Src/zigbee.c ****     }
 247:Core/Src/zigbee.c **** }
 1140              		.loc 1 247 1 view .LVU238
 1141 000e 7047     		bx	lr
 1142              	.LVL76:
 1143              	.L122:
 233:Core/Src/zigbee.c ****     }
 1144              		.loc 1 233 9 is_stmt 1 view .LVU239
 233:Core/Src/zigbee.c ****     }
 1145              		.loc 1 233 41 is_stmt 0 view .LVU240
 1146 0010 074B     		ldr	r3, .L125
 1147 0012 D87F     		ldrb	r0, [r3, #31]	@ zero_extendqisi2
 1148              	.LVL77:
 233:Core/Src/zigbee.c ****     }
 1149              		.loc 1 233 16 view .LVU241
 1150 0014 C0F34010 		ubfx	r0, r0, #5, #1
 1151 0018 7047     		bx	lr
 1152              	.LVL78:
 1153              	.L123:
 237:Core/Src/zigbee.c ****     }
 1154              		.loc 1 237 9 is_stmt 1 view .LVU242
 237:Core/Src/zigbee.c ****     }
 1155              		.loc 1 237 41 is_stmt 0 view .LVU243
 1156 001a 054B     		ldr	r3, .L125
 1157 001c D87F     		ldrb	r0, [r3, #31]	@ zero_extendqisi2
 1158              	.LVL79:
 237:Core/Src/zigbee.c ****     }
 1159              		.loc 1 237 16 view .LVU244
 1160 001e C0F30010 		ubfx	r0, r0, #4, #1
 1161 0022 7047     		bx	lr
 1162              	.LVL80:
 1163              	.L124:
 241:Core/Src/zigbee.c ****     }
 1164              		.loc 1 241 9 is_stmt 1 view .LVU245
 241:Core/Src/zigbee.c ****     }
ARM GAS  C:\Users\zhangjd\AppData\Local\Temp\ccZMucUy.s 			page 26


 1165              		.loc 1 241 41 is_stmt 0 view .LVU246
 1166 0024 024B     		ldr	r3, .L125
 1167 0026 D87F     		ldrb	r0, [r3, #31]	@ zero_extendqisi2
 1168              	.LVL81:
 241:Core/Src/zigbee.c ****     }
 1169              		.loc 1 241 16 view .LVU247
 1170 0028 C0F3C000 		ubfx	r0, r0, #3, #1
 1171 002c 7047     		bx	lr
 1172              	.L126:
 1173 002e 00BF     		.align	2
 1174              	.L125:
 1175 0030 00000000 		.word	.LANCHOR2
 1176              		.cfi_endproc
 1177              	.LFE87:
 1179              		.section	.text.getIsDistanceOfRivalBeaconValid,"ax",%progbits
 1180              		.align	1
 1181              		.global	getIsDistanceOfRivalBeaconValid
 1182              		.syntax unified
 1183              		.thumb
 1184              		.thumb_func
 1185              		.fpu softvfp
 1187              	getIsDistanceOfRivalBeaconValid:
 1188              	.LVL82:
 1189              	.LFB88:
 248:Core/Src/zigbee.c **** 
 249:Core/Src/zigbee.c **** uint16_t getIsDistanceOfRivalBeaconValid(int BeaconNo)
 250:Core/Src/zigbee.c **** {
 1190              		.loc 1 250 1 is_stmt 1 view -0
 1191              		.cfi_startproc
 1192              		@ args = 0, pretend = 0, frame = 0
 1193              		@ frame_needed = 0, uses_anonymous_args = 0
 1194              		@ link register save eliminated.
 251:Core/Src/zigbee.c ****     if (BeaconNo == 0)
 1195              		.loc 1 251 5 view .LVU249
 1196              		.loc 1 251 8 is_stmt 0 view .LVU250
 1197 0000 30B1     		cbz	r0, .L132
 252:Core/Src/zigbee.c ****     {
 253:Core/Src/zigbee.c ****         return (uint16_t)((zigbeeMessage[31] & 0x04) >> 2);
 254:Core/Src/zigbee.c ****     }
 255:Core/Src/zigbee.c ****     else if (BeaconNo == 1)
 1198              		.loc 1 255 10 is_stmt 1 view .LVU251
 1199              		.loc 1 255 13 is_stmt 0 view .LVU252
 1200 0002 0128     		cmp	r0, #1
 1201 0004 09D0     		beq	.L133
 256:Core/Src/zigbee.c ****     {
 257:Core/Src/zigbee.c ****         return (uint16_t)((zigbeeMessage[31] & 0x02) >> 1);
 258:Core/Src/zigbee.c ****     }
 259:Core/Src/zigbee.c ****     else if (BeaconNo == 2)
 1202              		.loc 1 259 10 is_stmt 1 view .LVU253
 1203              		.loc 1 259 13 is_stmt 0 view .LVU254
 1204 0006 0228     		cmp	r0, #2
 1205 0008 0CD0     		beq	.L134
 260:Core/Src/zigbee.c ****     {
 261:Core/Src/zigbee.c ****         return (uint16_t)((zigbeeMessage[31] & 0x01));
 262:Core/Src/zigbee.c ****     }
 263:Core/Src/zigbee.c ****     else
 264:Core/Src/zigbee.c ****     {
ARM GAS  C:\Users\zhangjd\AppData\Local\Temp\ccZMucUy.s 			page 27


 265:Core/Src/zigbee.c ****         return (uint16_t)INVALID_ARG;
 1206              		.loc 1 265 16 view .LVU255
 1207 000a 4FF6FF70 		movw	r0, #65535
 1208              	.LVL83:
 266:Core/Src/zigbee.c ****     }
 267:Core/Src/zigbee.c **** }
 1209              		.loc 1 267 1 view .LVU256
 1210 000e 7047     		bx	lr
 1211              	.LVL84:
 1212              	.L132:
 253:Core/Src/zigbee.c ****     }
 1213              		.loc 1 253 9 is_stmt 1 view .LVU257
 253:Core/Src/zigbee.c ****     }
 1214              		.loc 1 253 41 is_stmt 0 view .LVU258
 1215 0010 074B     		ldr	r3, .L135
 1216 0012 D87F     		ldrb	r0, [r3, #31]	@ zero_extendqisi2
 1217              	.LVL85:
 253:Core/Src/zigbee.c ****     }
 1218              		.loc 1 253 16 view .LVU259
 1219 0014 C0F38000 		ubfx	r0, r0, #2, #1
 1220 0018 7047     		bx	lr
 1221              	.LVL86:
 1222              	.L133:
 257:Core/Src/zigbee.c ****     }
 1223              		.loc 1 257 9 is_stmt 1 view .LVU260
 257:Core/Src/zigbee.c ****     }
 1224              		.loc 1 257 41 is_stmt 0 view .LVU261
 1225 001a 054B     		ldr	r3, .L135
 1226 001c D87F     		ldrb	r0, [r3, #31]	@ zero_extendqisi2
 1227              	.LVL87:
 257:Core/Src/zigbee.c ****     }
 1228              		.loc 1 257 16 view .LVU262
 1229 001e C0F34000 		ubfx	r0, r0, #1, #1
 1230 0022 7047     		bx	lr
 1231              	.LVL88:
 1232              	.L134:
 261:Core/Src/zigbee.c ****     }
 1233              		.loc 1 261 9 is_stmt 1 view .LVU263
 261:Core/Src/zigbee.c ****     }
 1234              		.loc 1 261 41 is_stmt 0 view .LVU264
 1235 0024 024B     		ldr	r3, .L135
 1236 0026 D87F     		ldrb	r0, [r3, #31]	@ zero_extendqisi2
 1237              	.LVL89:
 261:Core/Src/zigbee.c ****     }
 1238              		.loc 1 261 16 view .LVU265
 1239 0028 00F00100 		and	r0, r0, #1
 1240 002c 7047     		bx	lr
 1241              	.L136:
 1242 002e 00BF     		.align	2
 1243              	.L135:
 1244 0030 00000000 		.word	.LANCHOR2
 1245              		.cfi_endproc
 1246              	.LFE88:
 1248              		.section	.text.getCarScore,"ax",%progbits
 1249              		.align	1
 1250              		.global	getCarScore
 1251              		.syntax unified
ARM GAS  C:\Users\zhangjd\AppData\Local\Temp\ccZMucUy.s 			page 28


 1252              		.thumb
 1253              		.thumb_func
 1254              		.fpu softvfp
 1256              	getCarScore:
 1257              	.LFB89:
 268:Core/Src/zigbee.c **** 
 269:Core/Src/zigbee.c **** int16_t getCarScore(void)
 270:Core/Src/zigbee.c **** {
 1258              		.loc 1 270 1 is_stmt 1 view -0
 1259              		.cfi_startproc
 1260              		@ args = 0, pretend = 0, frame = 0
 1261              		@ frame_needed = 0, uses_anonymous_args = 0
 1262              		@ link register save eliminated.
 271:Core/Src/zigbee.c ****     return (int16_t)((int8_t)(zigbeeMessage[32] << 8) + zigbeeMessage[33]);
 1263              		.loc 1 271 5 view .LVU267
 272:Core/Src/zigbee.c **** }
 1264              		.loc 1 272 1 is_stmt 0 view .LVU268
 1265 0000 014B     		ldr	r3, .L138
 1266 0002 93F82100 		ldrb	r0, [r3, #33]	@ zero_extendqisi2
 1267 0006 7047     		bx	lr
 1268              	.L139:
 1269              		.align	2
 1270              	.L138:
 1271 0008 00000000 		.word	.LANCHOR2
 1272              		.cfi_endproc
 1273              	.LFE89:
 1275              		.section	.text.getMyBeaconPosX,"ax",%progbits
 1276              		.align	1
 1277              		.global	getMyBeaconPosX
 1278              		.syntax unified
 1279              		.thumb
 1280              		.thumb_func
 1281              		.fpu softvfp
 1283              	getMyBeaconPosX:
 1284              	.LVL90:
 1285              	.LFB90:
 273:Core/Src/zigbee.c **** 
 274:Core/Src/zigbee.c **** uint16_t getMyBeaconPosX(int BeaconNo)
 275:Core/Src/zigbee.c **** {
 1286              		.loc 1 275 1 is_stmt 1 view -0
 1287              		.cfi_startproc
 1288              		@ args = 0, pretend = 0, frame = 0
 1289              		@ frame_needed = 0, uses_anonymous_args = 0
 1290              		@ link register save eliminated.
 276:Core/Src/zigbee.c ****     if (BeaconNo != 0 && BeaconNo != 1 && BeaconNo != 2)
 1291              		.loc 1 276 5 view .LVU270
 1292              		.loc 1 276 8 is_stmt 0 view .LVU271
 1293 0000 0228     		cmp	r0, #2
 1294 0002 04D8     		bhi	.L142
 277:Core/Src/zigbee.c ****     {
 278:Core/Src/zigbee.c ****         return (uint16_t)INVALID_ARG;
 279:Core/Src/zigbee.c ****     }
 280:Core/Src/zigbee.c ****     else
 281:Core/Src/zigbee.c ****     {
 282:Core/Src/zigbee.c ****         return (uint16_t)(zigbeeMessage[34 + 2 * BeaconNo]);
 1295              		.loc 1 282 9 is_stmt 1 view .LVU272
 1296              		.loc 1 282 44 is_stmt 0 view .LVU273
ARM GAS  C:\Users\zhangjd\AppData\Local\Temp\ccZMucUy.s 			page 29


 1297 0004 1130     		adds	r0, r0, #17
 1298              	.LVL91:
 1299              		.loc 1 282 16 view .LVU274
 1300 0006 034B     		ldr	r3, .L143
 1301 0008 13F81000 		ldrb	r0, [r3, r0, lsl #1]	@ zero_extendqisi2
 1302              	.LVL92:
 1303              		.loc 1 282 16 view .LVU275
 1304 000c 7047     		bx	lr
 1305              	.LVL93:
 1306              	.L142:
 278:Core/Src/zigbee.c ****     }
 1307              		.loc 1 278 16 view .LVU276
 1308 000e 4FF6FF70 		movw	r0, #65535
 1309              	.LVL94:
 283:Core/Src/zigbee.c ****     }
 284:Core/Src/zigbee.c **** }
 1310              		.loc 1 284 1 view .LVU277
 1311 0012 7047     		bx	lr
 1312              	.L144:
 1313              		.align	2
 1314              	.L143:
 1315 0014 00000000 		.word	.LANCHOR2
 1316              		.cfi_endproc
 1317              	.LFE90:
 1319              		.section	.text.getMyBeaconPosY,"ax",%progbits
 1320              		.align	1
 1321              		.global	getMyBeaconPosY
 1322              		.syntax unified
 1323              		.thumb
 1324              		.thumb_func
 1325              		.fpu softvfp
 1327              	getMyBeaconPosY:
 1328              	.LVL95:
 1329              	.LFB91:
 285:Core/Src/zigbee.c **** 
 286:Core/Src/zigbee.c **** uint16_t getMyBeaconPosY(int BeaconNo)
 287:Core/Src/zigbee.c **** {
 1330              		.loc 1 287 1 is_stmt 1 view -0
 1331              		.cfi_startproc
 1332              		@ args = 0, pretend = 0, frame = 0
 1333              		@ frame_needed = 0, uses_anonymous_args = 0
 1334              		@ link register save eliminated.
 288:Core/Src/zigbee.c ****     if (BeaconNo != 0 && BeaconNo != 1 && BeaconNo != 2)
 1335              		.loc 1 288 5 view .LVU279
 1336              		.loc 1 288 8 is_stmt 0 view .LVU280
 1337 0000 0228     		cmp	r0, #2
 1338 0002 04D8     		bhi	.L147
 289:Core/Src/zigbee.c ****     {
 290:Core/Src/zigbee.c ****         return (uint16_t)INVALID_ARG;
 291:Core/Src/zigbee.c ****     }
 292:Core/Src/zigbee.c ****     else
 293:Core/Src/zigbee.c ****     {
 294:Core/Src/zigbee.c ****         return (uint16_t)(zigbeeMessage[35 + 2 * BeaconNo]);
 1339              		.loc 1 294 9 is_stmt 1 view .LVU281
 1340              		.loc 1 294 48 is_stmt 0 view .LVU282
 1341 0004 4000     		lsls	r0, r0, #1
 1342              	.LVL96:
ARM GAS  C:\Users\zhangjd\AppData\Local\Temp\ccZMucUy.s 			page 30


 1343              		.loc 1 294 44 view .LVU283
 1344 0006 2330     		adds	r0, r0, #35
 1345              		.loc 1 294 16 view .LVU284
 1346 0008 024B     		ldr	r3, .L148
 1347 000a 185C     		ldrb	r0, [r3, r0]	@ zero_extendqisi2
 1348 000c 7047     		bx	lr
 1349              	.LVL97:
 1350              	.L147:
 290:Core/Src/zigbee.c ****     }
 1351              		.loc 1 290 16 view .LVU285
 1352 000e 4FF6FF70 		movw	r0, #65535
 1353              	.LVL98:
 295:Core/Src/zigbee.c ****     }
 296:Core/Src/zigbee.c **** }
 1354              		.loc 1 296 1 view .LVU286
 1355 0012 7047     		bx	lr
 1356              	.L149:
 1357              		.align	2
 1358              	.L148:
 1359 0014 00000000 		.word	.LANCHOR2
 1360              		.cfi_endproc
 1361              	.LFE91:
 1363              		.section	.text.getRivalBeaconPosX,"ax",%progbits
 1364              		.align	1
 1365              		.global	getRivalBeaconPosX
 1366              		.syntax unified
 1367              		.thumb
 1368              		.thumb_func
 1369              		.fpu softvfp
 1371              	getRivalBeaconPosX:
 1372              	.LVL99:
 1373              	.LFB92:
 297:Core/Src/zigbee.c **** 
 298:Core/Src/zigbee.c **** uint16_t getRivalBeaconPosX(int BeaconNo)
 299:Core/Src/zigbee.c **** {
 1374              		.loc 1 299 1 is_stmt 1 view -0
 1375              		.cfi_startproc
 1376              		@ args = 0, pretend = 0, frame = 0
 1377              		@ frame_needed = 0, uses_anonymous_args = 0
 1378              		@ link register save eliminated.
 300:Core/Src/zigbee.c ****     if (BeaconNo != 0 && BeaconNo != 1 && BeaconNo != 2)
 1379              		.loc 1 300 5 view .LVU288
 1380              		.loc 1 300 8 is_stmt 0 view .LVU289
 1381 0000 0228     		cmp	r0, #2
 1382 0002 04D8     		bhi	.L152
 301:Core/Src/zigbee.c ****     {
 302:Core/Src/zigbee.c ****         return (uint16_t)INVALID_ARG;
 303:Core/Src/zigbee.c ****     }
 304:Core/Src/zigbee.c ****     else
 305:Core/Src/zigbee.c ****     {
 306:Core/Src/zigbee.c ****         return (uint16_t)(zigbeeMessage[40 + 2 * BeaconNo]);
 1383              		.loc 1 306 9 is_stmt 1 view .LVU290
 1384              		.loc 1 306 44 is_stmt 0 view .LVU291
 1385 0004 1430     		adds	r0, r0, #20
 1386              	.LVL100:
 1387              		.loc 1 306 16 view .LVU292
 1388 0006 034B     		ldr	r3, .L153
ARM GAS  C:\Users\zhangjd\AppData\Local\Temp\ccZMucUy.s 			page 31


 1389 0008 13F81000 		ldrb	r0, [r3, r0, lsl #1]	@ zero_extendqisi2
 1390              	.LVL101:
 1391              		.loc 1 306 16 view .LVU293
 1392 000c 7047     		bx	lr
 1393              	.LVL102:
 1394              	.L152:
 302:Core/Src/zigbee.c ****     }
 1395              		.loc 1 302 16 view .LVU294
 1396 000e 4FF6FF70 		movw	r0, #65535
 1397              	.LVL103:
 307:Core/Src/zigbee.c ****     }
 308:Core/Src/zigbee.c **** }
 1398              		.loc 1 308 1 view .LVU295
 1399 0012 7047     		bx	lr
 1400              	.L154:
 1401              		.align	2
 1402              	.L153:
 1403 0014 00000000 		.word	.LANCHOR2
 1404              		.cfi_endproc
 1405              	.LFE92:
 1407              		.section	.text.getRivalBeaconPosY,"ax",%progbits
 1408              		.align	1
 1409              		.global	getRivalBeaconPosY
 1410              		.syntax unified
 1411              		.thumb
 1412              		.thumb_func
 1413              		.fpu softvfp
 1415              	getRivalBeaconPosY:
 1416              	.LVL104:
 1417              	.LFB93:
 309:Core/Src/zigbee.c **** 
 310:Core/Src/zigbee.c **** uint16_t getRivalBeaconPosY(int BeaconNo)
 311:Core/Src/zigbee.c **** {
 1418              		.loc 1 311 1 is_stmt 1 view -0
 1419              		.cfi_startproc
 1420              		@ args = 0, pretend = 0, frame = 0
 1421              		@ frame_needed = 0, uses_anonymous_args = 0
 1422              		@ link register save eliminated.
 312:Core/Src/zigbee.c ****     if (BeaconNo != 0 && BeaconNo != 1 && BeaconNo != 2)
 1423              		.loc 1 312 5 view .LVU297
 1424              		.loc 1 312 8 is_stmt 0 view .LVU298
 1425 0000 0228     		cmp	r0, #2
 1426 0002 04D8     		bhi	.L157
 313:Core/Src/zigbee.c ****     {
 314:Core/Src/zigbee.c ****         return (uint16_t)INVALID_ARG;
 315:Core/Src/zigbee.c ****     }
 316:Core/Src/zigbee.c ****     else
 317:Core/Src/zigbee.c ****     {
 318:Core/Src/zigbee.c ****         return (uint16_t)(zigbeeMessage[41 + 2 * BeaconNo]);
 1427              		.loc 1 318 9 is_stmt 1 view .LVU299
 1428              		.loc 1 318 48 is_stmt 0 view .LVU300
 1429 0004 4000     		lsls	r0, r0, #1
 1430              	.LVL105:
 1431              		.loc 1 318 44 view .LVU301
 1432 0006 2930     		adds	r0, r0, #41
 1433              		.loc 1 318 16 view .LVU302
 1434 0008 024B     		ldr	r3, .L158
ARM GAS  C:\Users\zhangjd\AppData\Local\Temp\ccZMucUy.s 			page 32


 1435 000a 185C     		ldrb	r0, [r3, r0]	@ zero_extendqisi2
 1436 000c 7047     		bx	lr
 1437              	.LVL106:
 1438              	.L157:
 314:Core/Src/zigbee.c ****     }
 1439              		.loc 1 314 16 view .LVU303
 1440 000e 4FF6FF70 		movw	r0, #65535
 1441              	.LVL107:
 319:Core/Src/zigbee.c ****     }
 320:Core/Src/zigbee.c **** }
 1442              		.loc 1 320 1 view .LVU304
 1443 0012 7047     		bx	lr
 1444              	.L159:
 1445              		.align	2
 1446              	.L158:
 1447 0014 00000000 		.word	.LANCHOR2
 1448              		.cfi_endproc
 1449              	.LFE93:
 1451              		.global	zigbee_halfrecv_len
 1452              		.global	zigbee_huart
 1453              		.global	zigbee_halfrecv_buff
 1454              		.global	zigbeeMessageSend
 1455              		.global	zigbeeReceive
 1456              		.global	zigbeeMessage
 1457              		.section	.bss.zigbeeMessage,"aw",%nobits
 1458              		.align	2
 1459              		.set	.LANCHOR2,. + 0
 1462              	zigbeeMessage:
 1463 0000 00000000 		.space	48
 1463      00000000 
 1463      00000000 
 1463      00000000 
 1463      00000000 
 1464              		.section	.bss.zigbeeReceive,"aw",%nobits
 1465              		.align	2
 1466              		.set	.LANCHOR1,. + 0
 1469              	zigbeeReceive:
 1470 0000 00000000 		.space	255
 1470      00000000 
 1470      00000000 
 1470      00000000 
 1470      00000000 
 1471              		.section	.bss.zigbee_halfrecv_buff,"aw",%nobits
 1472              		.align	2
 1473              		.set	.LANCHOR4,. + 0
 1476              	zigbee_halfrecv_buff:
 1477 0000 00000000 		.space	48
 1477      00000000 
 1477      00000000 
 1477      00000000 
 1477      00000000 
 1478              		.section	.bss.zigbee_halfrecv_len,"aw",%nobits
 1479              		.set	.LANCHOR3,. + 0
 1482              	zigbee_halfrecv_len:
 1483 0000 00       		.space	1
 1484              		.section	.bss.zigbee_huart,"aw",%nobits
 1485              		.align	2
ARM GAS  C:\Users\zhangjd\AppData\Local\Temp\ccZMucUy.s 			page 33


 1486              		.set	.LANCHOR0,. + 0
 1489              	zigbee_huart:
 1490 0000 00000000 		.space	4
 1491              		.section	.data.zigbeeMessageSend,"aw"
 1492              		.align	2
 1493              		.set	.LANCHOR5,. + 0
 1496              	zigbeeMessageSend:
 1497 0000 01020304 		.ascii	"\001\002\003\004"
 1498              		.text
 1499              	.Letext0:
 1500              		.file 2 "d:\\program files (x86)\\gnu arm embedded toolchain\\10 2021.07\\arm-none-eabi\\include\\
 1501              		.file 3 "d:\\program files (x86)\\gnu arm embedded toolchain\\10 2021.07\\arm-none-eabi\\include\\
 1502              		.file 4 "Drivers/CMSIS/Device/ST/STM32F1xx/Include/stm32f103xe.h"
 1503              		.file 5 "Drivers/STM32F1xx_HAL_Driver/Inc/stm32f1xx_hal_def.h"
 1504              		.file 6 "Drivers/STM32F1xx_HAL_Driver/Inc/stm32f1xx_hal_dma.h"
 1505              		.file 7 "Drivers/STM32F1xx_HAL_Driver/Inc/stm32f1xx_hal_uart.h"
 1506              		.file 8 "<built-in>"
ARM GAS  C:\Users\zhangjd\AppData\Local\Temp\ccZMucUy.s 			page 34


DEFINED SYMBOLS
                            *ABS*:00000000 zigbee.c
C:\Users\zhangjd\AppData\Local\Temp\ccZMucUy.s:16     .text.zigbee_Init:00000000 $t
C:\Users\zhangjd\AppData\Local\Temp\ccZMucUy.s:24     .text.zigbee_Init:00000000 zigbee_Init
C:\Users\zhangjd\AppData\Local\Temp\ccZMucUy.s:57     .text.zigbee_Init:0000001c $d
C:\Users\zhangjd\AppData\Local\Temp\ccZMucUy.s:63     .text.zigbeeMessageRecord:00000000 $t
C:\Users\zhangjd\AppData\Local\Temp\ccZMucUy.s:70     .text.zigbeeMessageRecord:00000000 zigbeeMessageRecord
C:\Users\zhangjd\AppData\Local\Temp\ccZMucUy.s:224    .text.zigbeeMessageRecord:000000a4 $d
C:\Users\zhangjd\AppData\Local\Temp\ccZMucUy.s:232    .text.zigbeeSend:00000000 $t
C:\Users\zhangjd\AppData\Local\Temp\ccZMucUy.s:239    .text.zigbeeSend:00000000 zigbeeSend
C:\Users\zhangjd\AppData\Local\Temp\ccZMucUy.s:268    .text.zigbeeSend:00000018 $d
C:\Users\zhangjd\AppData\Local\Temp\ccZMucUy.s:274    .text.getGameTime:00000000 $t
C:\Users\zhangjd\AppData\Local\Temp\ccZMucUy.s:281    .text.getGameTime:00000000 getGameTime
C:\Users\zhangjd\AppData\Local\Temp\ccZMucUy.s:302    .text.getGameTime:00000010 $d
C:\Users\zhangjd\AppData\Local\Temp\ccZMucUy.s:307    .text.getGameState:00000000 $t
C:\Users\zhangjd\AppData\Local\Temp\ccZMucUy.s:314    .text.getGameState:00000000 getGameState
C:\Users\zhangjd\AppData\Local\Temp\ccZMucUy.s:331    .text.getGameState:00000008 $d
C:\Users\zhangjd\AppData\Local\Temp\ccZMucUy.s:336    .text.getCarTask:00000000 $t
C:\Users\zhangjd\AppData\Local\Temp\ccZMucUy.s:343    .text.getCarTask:00000000 getCarTask
C:\Users\zhangjd\AppData\Local\Temp\ccZMucUy.s:360    .text.getCarTask:0000000c $d
C:\Users\zhangjd\AppData\Local\Temp\ccZMucUy.s:365    .text.getIsMineIntensityValid:00000000 $t
C:\Users\zhangjd\AppData\Local\Temp\ccZMucUy.s:372    .text.getIsMineIntensityValid:00000000 getIsMineIntensityValid
C:\Users\zhangjd\AppData\Local\Temp\ccZMucUy.s:415    .text.getIsMineIntensityValid:00000020 $d
C:\Users\zhangjd\AppData\Local\Temp\ccZMucUy.s:420    .text.getCarPosX:00000000 $t
C:\Users\zhangjd\AppData\Local\Temp\ccZMucUy.s:427    .text.getCarPosX:00000000 getCarPosX
C:\Users\zhangjd\AppData\Local\Temp\ccZMucUy.s:442    .text.getCarPosX:00000008 $d
C:\Users\zhangjd\AppData\Local\Temp\ccZMucUy.s:447    .text.getCarPosY:00000000 $t
C:\Users\zhangjd\AppData\Local\Temp\ccZMucUy.s:454    .text.getCarPosY:00000000 getCarPosY
C:\Users\zhangjd\AppData\Local\Temp\ccZMucUy.s:469    .text.getCarPosY:00000008 $d
C:\Users\zhangjd\AppData\Local\Temp\ccZMucUy.s:474    .text.getMineArrayType:00000000 $t
C:\Users\zhangjd\AppData\Local\Temp\ccZMucUy.s:481    .text.getMineArrayType:00000000 getMineArrayType
C:\Users\zhangjd\AppData\Local\Temp\ccZMucUy.s:524    .text.getMineArrayType:00000020 $d
C:\Users\zhangjd\AppData\Local\Temp\ccZMucUy.s:529    .text.getCarMineSumNum:00000000 $t
C:\Users\zhangjd\AppData\Local\Temp\ccZMucUy.s:536    .text.getCarMineSumNum:00000000 getCarMineSumNum
C:\Users\zhangjd\AppData\Local\Temp\ccZMucUy.s:553    .text.getCarMineSumNum:0000000c $d
C:\Users\zhangjd\AppData\Local\Temp\ccZMucUy.s:558    .text.getCarMineANum:00000000 $t
C:\Users\zhangjd\AppData\Local\Temp\ccZMucUy.s:565    .text.getCarMineANum:00000000 getCarMineANum
C:\Users\zhangjd\AppData\Local\Temp\ccZMucUy.s:582    .text.getCarMineANum:00000008 $d
C:\Users\zhangjd\AppData\Local\Temp\ccZMucUy.s:587    .text.getCarMineBNum:00000000 $t
C:\Users\zhangjd\AppData\Local\Temp\ccZMucUy.s:594    .text.getCarMineBNum:00000000 getCarMineBNum
C:\Users\zhangjd\AppData\Local\Temp\ccZMucUy.s:611    .text.getCarMineBNum:0000000c $d
C:\Users\zhangjd\AppData\Local\Temp\ccZMucUy.s:616    .text.getCarMineCNum:00000000 $t
C:\Users\zhangjd\AppData\Local\Temp\ccZMucUy.s:623    .text.getCarMineCNum:00000000 getCarMineCNum
C:\Users\zhangjd\AppData\Local\Temp\ccZMucUy.s:640    .text.getCarMineCNum:00000008 $d
C:\Users\zhangjd\AppData\Local\Temp\ccZMucUy.s:645    .text.getCarMineDNum:00000000 $t
C:\Users\zhangjd\AppData\Local\Temp\ccZMucUy.s:652    .text.getCarMineDNum:00000000 getCarMineDNum
C:\Users\zhangjd\AppData\Local\Temp\ccZMucUy.s:669    .text.getCarMineDNum:0000000c $d
C:\Users\zhangjd\AppData\Local\Temp\ccZMucUy.s:674    .text.getMyBeaconMineType:00000000 $t
C:\Users\zhangjd\AppData\Local\Temp\ccZMucUy.s:681    .text.getMyBeaconMineType:00000000 getMyBeaconMineType
C:\Users\zhangjd\AppData\Local\Temp\ccZMucUy.s:738    .text.getMyBeaconMineType:0000002c $d
C:\Users\zhangjd\AppData\Local\Temp\ccZMucUy.s:743    .text.getMineIntensity:00000000 $t
C:\Users\zhangjd\AppData\Local\Temp\ccZMucUy.s:750    .text.getMineIntensity:00000000 getMineIntensity
C:\Users\zhangjd\AppData\Local\Temp\ccZMucUy.s:804    .text.getMineIntensity:00000034 $d
C:\Users\zhangjd\AppData\Local\Temp\ccZMucUy.s:809    .text.getDistanceOfMyBeacon:00000000 $t
C:\Users\zhangjd\AppData\Local\Temp\ccZMucUy.s:816    .text.getDistanceOfMyBeacon:00000000 getDistanceOfMyBeacon
C:\Users\zhangjd\AppData\Local\Temp\ccZMucUy.s:856    .text.getDistanceOfMyBeacon:00000020 $d
C:\Users\zhangjd\AppData\Local\Temp\ccZMucUy.s:861    .text.getDistanceOfRivalBeacon:00000000 $t
ARM GAS  C:\Users\zhangjd\AppData\Local\Temp\ccZMucUy.s 			page 35


C:\Users\zhangjd\AppData\Local\Temp\ccZMucUy.s:868    .text.getDistanceOfRivalBeacon:00000000 getDistanceOfRivalBeacon
C:\Users\zhangjd\AppData\Local\Temp\ccZMucUy.s:908    .text.getDistanceOfRivalBeacon:00000020 $d
C:\Users\zhangjd\AppData\Local\Temp\ccZMucUy.s:913    .text.getParkDotMineType:00000000 $t
C:\Users\zhangjd\AppData\Local\Temp\ccZMucUy.s:920    .text.getParkDotMineType:00000000 getParkDotMineType
C:\Users\zhangjd\AppData\Local\Temp\ccZMucUy.s:937    .text.getParkDotMineType:0000000c $d
C:\Users\zhangjd\AppData\Local\Temp\ccZMucUy.s:945    .text.getParkDotMineType:00000014 $t
C:\Users\zhangjd\AppData\Local\Temp\ccZMucUy.s:1048   .text.getParkDotMineType:00000068 $d
C:\Users\zhangjd\AppData\Local\Temp\ccZMucUy.s:1053   .text.getCarZone:00000000 $t
C:\Users\zhangjd\AppData\Local\Temp\ccZMucUy.s:1060   .text.getCarZone:00000000 getCarZone
C:\Users\zhangjd\AppData\Local\Temp\ccZMucUy.s:1077   .text.getCarZone:00000008 $d
C:\Users\zhangjd\AppData\Local\Temp\ccZMucUy.s:1082   .text.getIsCarPosValid:00000000 $t
C:\Users\zhangjd\AppData\Local\Temp\ccZMucUy.s:1089   .text.getIsCarPosValid:00000000 getIsCarPosValid
C:\Users\zhangjd\AppData\Local\Temp\ccZMucUy.s:1106   .text.getIsCarPosValid:0000000c $d
C:\Users\zhangjd\AppData\Local\Temp\ccZMucUy.s:1111   .text.getIsDistanceOfMyBeaconValid:00000000 $t
C:\Users\zhangjd\AppData\Local\Temp\ccZMucUy.s:1118   .text.getIsDistanceOfMyBeaconValid:00000000 getIsDistanceOfMyBeaconValid
C:\Users\zhangjd\AppData\Local\Temp\ccZMucUy.s:1175   .text.getIsDistanceOfMyBeaconValid:00000030 $d
C:\Users\zhangjd\AppData\Local\Temp\ccZMucUy.s:1180   .text.getIsDistanceOfRivalBeaconValid:00000000 $t
C:\Users\zhangjd\AppData\Local\Temp\ccZMucUy.s:1187   .text.getIsDistanceOfRivalBeaconValid:00000000 getIsDistanceOfRivalBeaconValid
C:\Users\zhangjd\AppData\Local\Temp\ccZMucUy.s:1244   .text.getIsDistanceOfRivalBeaconValid:00000030 $d
C:\Users\zhangjd\AppData\Local\Temp\ccZMucUy.s:1249   .text.getCarScore:00000000 $t
C:\Users\zhangjd\AppData\Local\Temp\ccZMucUy.s:1256   .text.getCarScore:00000000 getCarScore
C:\Users\zhangjd\AppData\Local\Temp\ccZMucUy.s:1271   .text.getCarScore:00000008 $d
C:\Users\zhangjd\AppData\Local\Temp\ccZMucUy.s:1276   .text.getMyBeaconPosX:00000000 $t
C:\Users\zhangjd\AppData\Local\Temp\ccZMucUy.s:1283   .text.getMyBeaconPosX:00000000 getMyBeaconPosX
C:\Users\zhangjd\AppData\Local\Temp\ccZMucUy.s:1315   .text.getMyBeaconPosX:00000014 $d
C:\Users\zhangjd\AppData\Local\Temp\ccZMucUy.s:1320   .text.getMyBeaconPosY:00000000 $t
C:\Users\zhangjd\AppData\Local\Temp\ccZMucUy.s:1327   .text.getMyBeaconPosY:00000000 getMyBeaconPosY
C:\Users\zhangjd\AppData\Local\Temp\ccZMucUy.s:1359   .text.getMyBeaconPosY:00000014 $d
C:\Users\zhangjd\AppData\Local\Temp\ccZMucUy.s:1364   .text.getRivalBeaconPosX:00000000 $t
C:\Users\zhangjd\AppData\Local\Temp\ccZMucUy.s:1371   .text.getRivalBeaconPosX:00000000 getRivalBeaconPosX
C:\Users\zhangjd\AppData\Local\Temp\ccZMucUy.s:1403   .text.getRivalBeaconPosX:00000014 $d
C:\Users\zhangjd\AppData\Local\Temp\ccZMucUy.s:1408   .text.getRivalBeaconPosY:00000000 $t
C:\Users\zhangjd\AppData\Local\Temp\ccZMucUy.s:1415   .text.getRivalBeaconPosY:00000000 getRivalBeaconPosY
C:\Users\zhangjd\AppData\Local\Temp\ccZMucUy.s:1447   .text.getRivalBeaconPosY:00000014 $d
C:\Users\zhangjd\AppData\Local\Temp\ccZMucUy.s:1482   .bss.zigbee_halfrecv_len:00000000 zigbee_halfrecv_len
C:\Users\zhangjd\AppData\Local\Temp\ccZMucUy.s:1489   .bss.zigbee_huart:00000000 zigbee_huart
C:\Users\zhangjd\AppData\Local\Temp\ccZMucUy.s:1476   .bss.zigbee_halfrecv_buff:00000000 zigbee_halfrecv_buff
C:\Users\zhangjd\AppData\Local\Temp\ccZMucUy.s:1496   .data.zigbeeMessageSend:00000000 zigbeeMessageSend
C:\Users\zhangjd\AppData\Local\Temp\ccZMucUy.s:1469   .bss.zigbeeReceive:00000000 zigbeeReceive
C:\Users\zhangjd\AppData\Local\Temp\ccZMucUy.s:1462   .bss.zigbeeMessage:00000000 zigbeeMessage
C:\Users\zhangjd\AppData\Local\Temp\ccZMucUy.s:1458   .bss.zigbeeMessage:00000000 $d
C:\Users\zhangjd\AppData\Local\Temp\ccZMucUy.s:1465   .bss.zigbeeReceive:00000000 $d
C:\Users\zhangjd\AppData\Local\Temp\ccZMucUy.s:1472   .bss.zigbee_halfrecv_buff:00000000 $d
C:\Users\zhangjd\AppData\Local\Temp\ccZMucUy.s:1483   .bss.zigbee_halfrecv_len:00000000 $d
C:\Users\zhangjd\AppData\Local\Temp\ccZMucUy.s:1485   .bss.zigbee_huart:00000000 $d
C:\Users\zhangjd\AppData\Local\Temp\ccZMucUy.s:1492   .data.zigbeeMessageSend:00000000 $d

UNDEFINED SYMBOLS
HAL_UART_Receive_DMA
memcpy
HAL_UART_Transmit
